[ 2014-07-02T12:49:38+08:00 ] 127.0.0.1 /fuding/
SQL: SHOW COLUMNS FROM `9f_member` [ RunTime:0.020696s ]
SQL: SELECT * FROM `9f_member` WHERE ( `username` = 'demo123' ) LIMIT 1   [ RunTime:0.000788s ]
INFO: [ app_begin ] --START--
INFO: ReadHtmlCache Behavior ::run [ RunTime:0.024480s ]
INFO: CheckLang Behavior ::run [ RunTime:0.016118s ]
INFO: [ app_begin ] --END-- [ RunTime:0.040858s ]
NOTIC: [8] A session had already been started - ignoring session_start() F:\AppServ\www\fuding\App\ThinkPHP\Common\functions.php 第 566 行.
SQL: SHOW COLUMNS FROM `9f_ip` [ RunTime:0.016151s ]
SQL: SELECT `content` FROM `9f_ip` LIMIT 1   [ RunTime:0.000892s ]

[ 2014-07-02T12:49:38+08:00 ] 127.0.0.1 /fuding/index.php?m=index&a=en
SQL: SHOW COLUMNS FROM `9f_member` [ RunTime:0.002086s ]
SQL: SELECT * FROM `9f_member` WHERE ( `username` = 'demo123' ) LIMIT 1   [ RunTime:0.001072s ]
INFO: [ app_begin ] --START--
INFO: ReadHtmlCache Behavior ::run [ RunTime:0.001326s ]
INFO: CheckLang Behavior ::run [ RunTime:0.002167s ]
INFO: [ app_begin ] --END-- [ RunTime:0.003633s ]
NOTIC: [8] A session had already been started - ignoring session_start() F:\AppServ\www\fuding\App\ThinkPHP\Common\functions.php 第 566 行.
SQL: SHOW COLUMNS FROM `9f_ip` [ RunTime:0.001808s ]
SQL: SELECT `content` FROM `9f_ip` LIMIT 1   [ RunTime:0.000462s ]
INFO: [ view_parse ] --START--
NOTIC: [2] Missing argument 1 for getSeoEn(), called in F:\AppServ\www\fuding\App\Runtime\Cache\Home\a5af7a304fe9d6b6d1ae3bd5685ba463.php on line 5 and defined F:\AppServ\www\fuding\App\Modules\Home\Common\function.php 第 171 行.
SQL: SHOW COLUMNS FROM `9f_category` [ RunTime:0.023993s ]
SQL: SHOW COLUMNS FROM `9f_content` [ RunTime:0.041269s ]
NOTIC: [8] Undefined variable: id F:\AppServ\www\fuding\App\Modules\Home\Common\function.php 第 197 行.
SQL: SELECT * FROM `9f_category` WHERE ( `id` = null ) LIMIT 1   [ RunTime:0.000648s ]
SQL: SELECT * FROM `9f_category` WHERE ( pid=3 and checkinfo=0 ) ORDER BY orderid asc,id asc LIMIT 4   [ RunTime:0.050931s ]
NOTIC: [8] Undefined variable: i F:\AppServ\www\fuding\App\Runtime\Cache\Home\a5af7a304fe9d6b6d1ae3bd5685ba463.php 第 107 行.
SQL: SELECT * FROM `9f_category` WHERE ( pid=23 and checkinfo=0 ) ORDER BY orderid asc,id asc LIMIT 4   [ RunTime:0.000630s ]
SQL: SELECT * FROM `9f_category` WHERE ( pid=24 and checkinfo=0 ) ORDER BY orderid asc,id asc LIMIT 4   [ RunTime:0.000703s ]
SQL: SELECT * FROM `9f_category` WHERE ( pid=25 and checkinfo=0 ) ORDER BY orderid asc,id asc LIMIT 4   [ RunTime:0.000718s ]
SQL: SELECT * FROM `9f_category` WHERE ( pid=26 and checkinfo=0 ) ORDER BY orderid asc,id asc LIMIT 4   [ RunTime:0.000538s ]
SQL: SELECT * FROM `9f_content` WHERE ( instr(path,'0,3,')>0 and instr(flag,'h')>0 and checkinfo=0 ) ORDER BY orderid desc,id desc LIMIT 12   [ RunTime:0.074375s ]
SQL: SELECT `title`,`id`,`posttime` FROM `9f_content` WHERE ( instr(path,'0,2,')>0 and checkinfo=0 ) ORDER BY orderid desc,id desc LIMIT 3   [ RunTime:0.000618s ]
INFO: ParseTemplate Behavior ::run [ RunTime:0.505141s ]
INFO: [ view_parse ] --END-- [ RunTime:0.505290s ]
INFO: [ view_filter ] --START--
INFO: ContentReplace Behavior ::run [ RunTime:0.017404s ]
INFO: TokenBuild Behavior ::run [ RunTime:0.005983s ]
INFO: WriteHtmlCache Behavior ::run [ RunTime:0.002497s ]
INFO: ShowRuntime Behavior ::run [ RunTime:0.007633s ]
INFO: [ view_filter ] --END-- [ RunTime:0.033923s ]
INFO: [ view_end ] --START--
INFO: ShowPageTrace Behavior ::run [ RunTime:0.003315s ]
INFO: [ view_end ] --END-- [ RunTime:0.003467s ]

[ 2014-07-02T12:49:40+08:00 ] 127.0.0.1 /fuding/index.php?m=content&a=lists&cid=6
SQL: SHOW COLUMNS FROM `9f_member` [ RunTime:0.002811s ]
SQL: SELECT * FROM `9f_member` WHERE ( `username` = 'demo123' ) LIMIT 1   [ RunTime:0.000333s ]
INFO: [ app_begin ] --START--
INFO: ReadHtmlCache Behavior ::run [ RunTime:0.001380s ]
INFO: CheckLang Behavior ::run [ RunTime:0.002270s ]
INFO: [ app_begin ] --END-- [ RunTime:0.003782s ]
NOTIC: [8] A session had already been started - ignoring session_start() F:\AppServ\www\fuding\App\ThinkPHP\Common\functions.php 第 566 行.
SQL: SHOW COLUMNS FROM `9f_ip` [ RunTime:0.002247s ]
SQL: SELECT `content` FROM `9f_ip` LIMIT 1   [ RunTime:0.000214s ]
SQL: SHOW COLUMNS FROM `9f_category` [ RunTime:0.001946s ]
SQL: SELECT * FROM `9f_category` WHERE ( `id` = 6 ) AND ( `checkinfo` = 0 ) LIMIT 1   [ RunTime:0.000374s ]
SQL: SELECT * FROM `9f_category` WHERE ( `id` = 1 ) LIMIT 1   [ RunTime:0.000253s ]
SQL: SELECT * FROM `9f_category` WHERE ( `pid` = 1 ) AND ( `checkinfo` = 0 ) ORDER BY orderid asc,id asc  [ RunTime:0.000402s ]
INFO: [ view_parse ] --START--
SQL: SHOW COLUMNS FROM `9f_content` [ RunTime:0.002071s ]
SQL: SELECT * FROM `9f_category` WHERE ( `id` = 6 ) LIMIT 1   [ RunTime:0.000647s ]
SQL: SELECT * FROM `9f_category` WHERE ( `id` = 6 ) LIMIT 1   [ RunTime:0.000518s ]
SQL: SELECT `classname` FROM `9f_category` WHERE ( `id` = 1 ) LIMIT 1   [ RunTime:0.000326s ]
SQL: SELECT `classname` FROM `9f_category` WHERE ( `id` = 6 ) LIMIT 1   [ RunTime:0.000291s ]
INFO: ParseTemplate Behavior ::run [ RunTime:0.046867s ]
INFO: [ view_parse ] --END-- [ RunTime:0.046963s ]
INFO: [ view_filter ] --START--
INFO: ContentReplace Behavior ::run [ RunTime:0.001256s ]
INFO: TokenBuild Behavior ::run [ RunTime:0.001146s ]
INFO: WriteHtmlCache Behavior ::run [ RunTime:0.000982s ]
INFO: ShowRuntime Behavior ::run [ RunTime:0.001162s ]
INFO: [ view_filter ] --END-- [ RunTime:0.004742s ]
INFO: [ view_end ] --START--
INFO: ShowPageTrace Behavior ::run [ RunTime:0.001319s ]
INFO: [ view_end ] --END-- [ RunTime:0.001387s ]

[ 2014-07-02T12:49:43+08:00 ] 127.0.0.1 /fuding/index.php?m=content&a=lists&cid=2
SQL: SHOW COLUMNS FROM `9f_member` [ RunTime:0.002232s ]
SQL: SELECT * FROM `9f_member` WHERE ( `username` = 'demo123' ) LIMIT 1   [ RunTime:0.000441s ]
INFO: [ app_begin ] --START--
INFO: ReadHtmlCache Behavior ::run [ RunTime:0.001314s ]
INFO: CheckLang Behavior ::run [ RunTime:0.002326s ]
INFO: [ app_begin ] --END-- [ RunTime:0.003767s ]
NOTIC: [8] A session had already been started - ignoring session_start() F:\AppServ\www\fuding\App\ThinkPHP\Common\functions.php 第 566 行.
SQL: SHOW COLUMNS FROM `9f_ip` [ RunTime:0.002083s ]
SQL: SELECT `content` FROM `9f_ip` LIMIT 1   [ RunTime:0.000269s ]
SQL: SHOW COLUMNS FROM `9f_category` [ RunTime:0.001848s ]
SQL: SELECT * FROM `9f_category` WHERE ( `id` = 2 ) AND ( `checkinfo` = 0 ) LIMIT 1   [ RunTime:0.000541s ]
SQL: SELECT * FROM `9f_category` WHERE ( `id` = 2 ) LIMIT 1   [ RunTime:0.000289s ]
SQL: SELECT * FROM `9f_category` WHERE ( `pid` = 2 ) AND ( `checkinfo` = 0 ) ORDER BY orderid asc,id asc  [ RunTime:0.000322s ]
INFO: [ view_parse ] --START--
SQL: SHOW COLUMNS FROM `9f_content` [ RunTime:0.002134s ]
SQL: SELECT * FROM `9f_category` WHERE ( `id` = 2 ) LIMIT 1   [ RunTime:0.000856s ]
SQL: SELECT * FROM `9f_category` WHERE ( `id` = 2 ) LIMIT 1   [ RunTime:0.000295s ]
SQL: SELECT `classname` FROM `9f_category` WHERE ( `id` = 2 ) LIMIT 1   [ RunTime:0.000186s ]
SQL: select * from `9f_content` where checkinfo=0 and instr(path,'0,2,')>0 order by orderid desc,id desc [ RunTime:0.000480s ]
SQL: select * from `9f_content` where checkinfo=0 and instr(path,'0,2,')>0 order by orderid desc,id desc limit 0,12 [ RunTime:0.000513s ]
INFO: ParseTemplate Behavior ::run [ RunTime:0.074062s ]
INFO: [ view_parse ] --END-- [ RunTime:0.074172s ]
INFO: [ view_filter ] --START--
INFO: ContentReplace Behavior ::run [ RunTime:0.001290s ]
INFO: TokenBuild Behavior ::run [ RunTime:0.001189s ]
INFO: WriteHtmlCache Behavior ::run [ RunTime:0.001404s ]
INFO: ShowRuntime Behavior ::run [ RunTime:0.001221s ]
INFO: [ view_filter ] --END-- [ RunTime:0.005348s ]
INFO: [ view_end ] --START--
INFO: ShowPageTrace Behavior ::run [ RunTime:0.001590s ]
INFO: [ view_end ] --END-- [ RunTime:0.001683s ]

