[ 2016-12-04T21:38:34+08:00 ] 127.0.0.1 /index.php
INFO: [ app_begin ] --START--
INFO: ReadHtmlCache Behavior ::run [ RunTime:0.002000s ]
INFO: CheckLang Behavior ::run [ RunTime:0.003000s ]
INFO: [ app_begin ] --END-- [ RunTime:0.006000s ]
NOTIC: [8] A session had already been started - ignoring session_start() D:\wamp\www\goldcms\App\ThinkPHP\Common\functions.php 第 566 行.
SQL: SHOW COLUMNS FROM `9f_ip` [ RunTime:0.007001s ]
SQL: SELECT `content` FROM `9f_ip` LIMIT 1   [ RunTime:0.001000s ]
INFO: [ view_parse ] --START--
INFO: ParseTemplate Behavior ::run [ RunTime:0.024001s ]
INFO: [ view_parse ] --END-- [ RunTime:0.024001s ]
INFO: [ view_filter ] --START--
INFO: ContentReplace Behavior ::run [ RunTime:0.002000s ]
INFO: TokenBuild Behavior ::run [ RunTime:0.002000s ]
INFO: WriteHtmlCache Behavior ::run [ RunTime:0.001001s ]
INFO: ShowRuntime Behavior ::run [ RunTime:0.003000s ]
INFO: [ view_filter ] --END-- [ RunTime:0.008001s ]
INFO: [ view_end ] --START--
INFO: ShowPageTrace Behavior ::run [ RunTime:0.002000s ]
INFO: [ view_end ] --END-- [ RunTime:0.002000s ]

[ 2016-12-04T21:42:56+08:00 ] 127.0.0.1 /index.php
INFO: [ app_begin ] --START--
INFO: ReadHtmlCache Behavior ::run [ RunTime:0.002000s ]
INFO: CheckLang Behavior ::run [ RunTime:0.004000s ]
INFO: [ app_begin ] --END-- [ RunTime:0.006000s ]
NOTIC: [8] A session had already been started - ignoring session_start() D:\wamp\www\goldcms\App\ThinkPHP\Common\functions.php 第 566 行.
SQL: SHOW COLUMNS FROM `9f_ip` [ RunTime:0.004000s ]
SQL: SELECT `content` FROM `9f_ip` LIMIT 1   [ RunTime:0.001001s ]
INFO: [ view_parse ] --START--
INFO: ParseTemplate Behavior ::run [ RunTime:0.022001s ]
INFO: [ view_parse ] --END-- [ RunTime:0.022001s ]
INFO: [ view_filter ] --START--
INFO: ContentReplace Behavior ::run [ RunTime:0.001000s ]
INFO: TokenBuild Behavior ::run [ RunTime:0.002000s ]
INFO: WriteHtmlCache Behavior ::run [ RunTime:0.001000s ]
INFO: ShowRuntime Behavior ::run [ RunTime:0.001000s ]
INFO: [ view_filter ] --END-- [ RunTime:0.006000s ]
INFO: [ view_end ] --START--
INFO: ShowPageTrace Behavior ::run [ RunTime:0.001000s ]
INFO: [ view_end ] --END-- [ RunTime:0.002000s ]

[ 2016-12-04T21:43:10+08:00 ] 127.0.0.1 /index.php
INFO: [ app_begin ] --START--
INFO: ReadHtmlCache Behavior ::run [ RunTime:0.002000s ]
INFO: CheckLang Behavior ::run [ RunTime:0.006000s ]
INFO: [ app_begin ] --END-- [ RunTime:0.008000s ]
NOTIC: [8] A session had already been started - ignoring session_start() D:\wamp\www\goldcms\App\ThinkPHP\Common\functions.php 第 566 行.
SQL: SHOW COLUMNS FROM `9f_ip` [ RunTime:0.004000s ]
SQL: SELECT `content` FROM `9f_ip` LIMIT 1   [ RunTime:0.000000s ]
INFO: [ view_parse ] --START--
INFO: ParseTemplate Behavior ::run [ RunTime:0.021001s ]
INFO: [ view_parse ] --END-- [ RunTime:0.022001s ]
INFO: [ view_filter ] --START--
INFO: ContentReplace Behavior ::run [ RunTime:0.001000s ]
INFO: TokenBuild Behavior ::run [ RunTime:0.002000s ]
INFO: WriteHtmlCache Behavior ::run [ RunTime:0.001000s ]
INFO: ShowRuntime Behavior ::run [ RunTime:0.002000s ]
INFO: [ view_filter ] --END-- [ RunTime:0.007000s ]
INFO: [ view_end ] --START--
INFO: ShowPageTrace Behavior ::run [ RunTime:0.002000s ]
INFO: [ view_end ] --END-- [ RunTime:0.002000s ]

[ 2016-12-04T21:44:17+08:00 ] 127.0.0.1 /index.php
INFO: [ app_begin ] --START--
INFO: ReadHtmlCache Behavior ::run [ RunTime:0.002000s ]
INFO: CheckLang Behavior ::run [ RunTime:0.004001s ]
INFO: [ app_begin ] --END-- [ RunTime:0.006001s ]
NOTIC: [8] A session had already been started - ignoring session_start() D:\wamp\www\goldcms\App\ThinkPHP\Common\functions.php 第 566 行.
SQL: SHOW COLUMNS FROM `9f_ip` [ RunTime:0.005001s ]
SQL: SELECT `content` FROM `9f_ip` LIMIT 1   [ RunTime:0.000000s ]
NOTIC: [8] Array to string conversion D:\wamp\www\goldcms\App\Modules\Home\Action\IndexAction.class.php 第 12 行.
INFO: [ view_parse ] --START--
INFO: ParseTemplate Behavior ::run [ RunTime:0.021001s ]
INFO: [ view_parse ] --END-- [ RunTime:0.022001s ]
INFO: [ view_filter ] --START--
INFO: ContentReplace Behavior ::run [ RunTime:0.001000s ]
INFO: TokenBuild Behavior ::run [ RunTime:0.002000s ]
INFO: WriteHtmlCache Behavior ::run [ RunTime:0.001000s ]
INFO: ShowRuntime Behavior ::run [ RunTime:0.002000s ]
INFO: [ view_filter ] --END-- [ RunTime:0.007000s ]
INFO: [ view_end ] --START--
INFO: ShowPageTrace Behavior ::run [ RunTime:0.002001s ]
INFO: [ view_end ] --END-- [ RunTime:0.002001s ]

[ 2016-12-04T21:44:32+08:00 ] 127.0.0.1 /index.php
INFO: [ app_begin ] --START--
INFO: ReadHtmlCache Behavior ::run [ RunTime:0.001000s ]
INFO: CheckLang Behavior ::run [ RunTime:0.005000s ]
INFO: [ app_begin ] --END-- [ RunTime:0.007000s ]
NOTIC: [8] A session had already been started - ignoring session_start() D:\wamp\www\goldcms\App\ThinkPHP\Common\functions.php 第 566 行.
SQL: SHOW COLUMNS FROM `9f_ip` [ RunTime:0.004000s ]
SQL: SELECT `content` FROM `9f_ip` LIMIT 1   [ RunTime:0.001000s ]
INFO: [ view_parse ] --START--
INFO: ParseTemplate Behavior ::run [ RunTime:0.024001s ]
INFO: [ view_parse ] --END-- [ RunTime:0.025001s ]
INFO: [ view_filter ] --START--
INFO: ContentReplace Behavior ::run [ RunTime:0.002000s ]
INFO: TokenBuild Behavior ::run [ RunTime:0.001000s ]
INFO: WriteHtmlCache Behavior ::run [ RunTime:0.001001s ]
INFO: ShowRuntime Behavior ::run [ RunTime:0.002000s ]
INFO: [ view_filter ] --END-- [ RunTime:0.007001s ]
INFO: [ view_end ] --START--
INFO: ShowPageTrace Behavior ::run [ RunTime:0.001000s ]
INFO: [ view_end ] --END-- [ RunTime:0.002000s ]

[ 2016-12-04T21:45:05+08:00 ] 127.0.0.1 /index.php
INFO: [ app_begin ] --START--
INFO: ReadHtmlCache Behavior ::run [ RunTime:0.003000s ]
INFO: CheckLang Behavior ::run [ RunTime:0.003000s ]
INFO: [ app_begin ] --END-- [ RunTime:0.006000s ]
NOTIC: [8] A session had already been started - ignoring session_start() D:\wamp\www\goldcms\App\ThinkPHP\Common\functions.php 第 566 行.
SQL: SHOW COLUMNS FROM `9f_ip` [ RunTime:0.004000s ]
SQL: SELECT `content` FROM `9f_ip` LIMIT 1   [ RunTime:0.001001s ]
INFO: [ view_parse ] --START--
INFO: ParseTemplate Behavior ::run [ RunTime:0.020001s ]
INFO: [ view_parse ] --END-- [ RunTime:0.020001s ]
INFO: [ view_filter ] --START--
INFO: ContentReplace Behavior ::run [ RunTime:0.001000s ]
INFO: TokenBuild Behavior ::run [ RunTime:0.001000s ]
INFO: WriteHtmlCache Behavior ::run [ RunTime:0.001000s ]
INFO: ShowRuntime Behavior ::run [ RunTime:0.001000s ]
INFO: [ view_filter ] --END-- [ RunTime:0.006000s ]
INFO: [ view_end ] --START--
INFO: ShowPageTrace Behavior ::run [ RunTime:0.002000s ]
INFO: [ view_end ] --END-- [ RunTime:0.002000s ]

[ 2016-12-04T21:45:23+08:00 ] 127.0.0.1 /index.php
INFO: [ app_begin ] --START--
INFO: ReadHtmlCache Behavior ::run [ RunTime:0.002001s ]
INFO: CheckLang Behavior ::run [ RunTime:0.004000s ]
INFO: [ app_begin ] --END-- [ RunTime:0.006001s ]
NOTIC: [8] A session had already been started - ignoring session_start() D:\wamp\www\goldcms\App\ThinkPHP\Common\functions.php 第 566 行.
SQL: SHOW COLUMNS FROM `9f_ip` [ RunTime:0.005000s ]
SQL: SELECT `content` FROM `9f_ip` LIMIT 1   [ RunTime:0.000000s ]
INFO: [ view_parse ] --START--
INFO: ParseTemplate Behavior ::run [ RunTime:0.023002s ]
INFO: [ view_parse ] --END-- [ RunTime:0.023002s ]
INFO: [ view_filter ] --START--
INFO: ContentReplace Behavior ::run [ RunTime:0.002000s ]
INFO: TokenBuild Behavior ::run [ RunTime:0.002000s ]
INFO: WriteHtmlCache Behavior ::run [ RunTime:0.002000s ]
INFO: ShowRuntime Behavior ::run [ RunTime:0.001000s ]
INFO: [ view_filter ] --END-- [ RunTime:0.008000s ]
INFO: [ view_end ] --START--
INFO: ShowPageTrace Behavior ::run [ RunTime:0.002000s ]
INFO: [ view_end ] --END-- [ RunTime:0.002000s ]

[ 2016-12-04T21:45:31+08:00 ] 127.0.0.1 /index.php
INFO: [ app_begin ] --START--
INFO: ReadHtmlCache Behavior ::run [ RunTime:0.002000s ]
INFO: CheckLang Behavior ::run [ RunTime:0.004001s ]
INFO: [ app_begin ] --END-- [ RunTime:0.006001s ]
NOTIC: [8] A session had already been started - ignoring session_start() D:\wamp\www\goldcms\App\ThinkPHP\Common\functions.php 第 566 行.
SQL: SHOW COLUMNS FROM `9f_ip` [ RunTime:0.003000s ]
SQL: SELECT `content` FROM `9f_ip` LIMIT 1   [ RunTime:0.001000s ]
INFO: [ view_parse ] --START--
INFO: ParseTemplate Behavior ::run [ RunTime:0.021001s ]
INFO: [ view_parse ] --END-- [ RunTime:0.021001s ]
INFO: [ view_filter ] --START--
INFO: ContentReplace Behavior ::run [ RunTime:0.002000s ]
INFO: TokenBuild Behavior ::run [ RunTime:0.001001s ]
INFO: WriteHtmlCache Behavior ::run [ RunTime:0.001000s ]
INFO: ShowRuntime Behavior ::run [ RunTime:0.002000s ]
INFO: [ view_filter ] --END-- [ RunTime:0.006001s ]
INFO: [ view_end ] --START--
INFO: ShowPageTrace Behavior ::run [ RunTime:0.002000s ]
INFO: [ view_end ] --END-- [ RunTime:0.002000s ]

[ 2016-12-04T21:54:04+08:00 ] 127.0.0.1 /index.php?g=admin&m=index&a=index
INFO: [ app_begin ] --START--
INFO: ReadHtmlCache Behavior ::run [ RunTime:0.004000s ]
INFO: CheckLang Behavior ::run [ RunTime:0.004001s ]
INFO: [ app_begin ] --END-- [ RunTime:0.008001s ]
SQL: SHOW COLUMNS FROM `9f_admin` [ RunTime:0.006000s ]
SQL: SELECT * FROM `9f_admin` WHERE ( `userid` = 1 ) AND ( `username` = 'admin' ) LIMIT 1   [ RunTime:0.001000s ]
NOTIC: [8] Undefined variable: menu_arr D:\wamp\www\goldcms\App\Modules\Admin\Action\IndexAction.class.php 第 9 行.
INFO: [ view_parse ] --START--
INFO: ParseTemplate Behavior ::run [ RunTime:0.031002s ]
INFO: [ view_parse ] --END-- [ RunTime:0.032002s ]
INFO: [ view_filter ] --START--
INFO: ContentReplace Behavior ::run [ RunTime:0.001000s ]
INFO: TokenBuild Behavior ::run [ RunTime:0.001000s ]
INFO: WriteHtmlCache Behavior ::run [ RunTime:0.001000s ]
INFO: ShowRuntime Behavior ::run [ RunTime:0.002000s ]
INFO: [ view_filter ] --END-- [ RunTime:0.006000s ]
INFO: [ view_end ] --START--
INFO: ShowPageTrace Behavior ::run [ RunTime:0.001000s ]
INFO: [ view_end ] --END-- [ RunTime:0.002000s ]

[ 2016-12-04T21:54:04+08:00 ] 127.0.0.1 /index.php?g=admin&m=index&a=sort_iframe
INFO: [ app_begin ] --START--
INFO: ReadHtmlCache Behavior ::run [ RunTime:0.018001s ]
INFO: CheckLang Behavior ::run [ RunTime:0.013001s ]
INFO: [ app_begin ] --END-- [ RunTime:0.032002s ]
SQL: SHOW COLUMNS FROM `9f_admin` [ RunTime:0.008000s ]
SQL: SELECT * FROM `9f_admin` WHERE ( `userid` = 1 ) AND ( `username` = 'admin' ) LIMIT 1   [ RunTime:0.003000s ]

[ 2016-12-04T21:54:04+08:00 ] 127.0.0.1 /index.php?g=admin&m=index&a=main
INFO: [ app_begin ] --START--
INFO: ReadHtmlCache Behavior ::run [ RunTime:0.002000s ]
INFO: CheckLang Behavior ::run [ RunTime:0.004000s ]
INFO: [ app_begin ] --END-- [ RunTime:0.006000s ]
SQL: SHOW COLUMNS FROM `9f_admin` [ RunTime:0.007000s ]
SQL: SELECT * FROM `9f_admin` WHERE ( `userid` = 1 ) AND ( `username` = 'admin' ) LIMIT 1   [ RunTime:0.001000s ]
SQL: SHOW COLUMNS FROM `9f_content` [ RunTime:0.008001s ]
SQL: SHOW COLUMNS FROM `9f_category` [ RunTime:0.009000s ]
SQL: SELECT * FROM `9f_content` WHERE ( `id` <> '' ) ORDER BY orderid desc,id desc  [ RunTime:0.008000s ]
SQL: SELECT * FROM `9f_category` WHERE ( `id` <> '' ) ORDER BY id desc  [ RunTime:0.001000s ]
INFO: [ view_parse ] --START--
SQL: SHOW COLUMNS FROM `9f_admin_text` [ RunTime:0.006000s ]
SQL: SELECT `content` FROM `9f_admin_text` WHERE ( `id` = 1 ) LIMIT 1   [ RunTime:0.002000s ]
NOTIC: [8] Use of undefined constant imageline - assumed 'imageline' D:\wamp\www\goldcms\App\Runtime\Cache\Admin\08377bbc6fc93167e493f6c985ae1114.php 第 65 行.
INFO: ParseTemplate Behavior ::run [ RunTime:0.041002s ]
INFO: [ view_parse ] --END-- [ RunTime:0.041002s ]
INFO: [ view_filter ] --START--
INFO: ContentReplace Behavior ::run [ RunTime:0.001000s ]
INFO: TokenBuild Behavior ::run [ RunTime:0.001000s ]
INFO: WriteHtmlCache Behavior ::run [ RunTime:0.002000s ]
INFO: ShowRuntime Behavior ::run [ RunTime:0.004000s ]
INFO: [ view_filter ] --END-- [ RunTime:0.010001s ]
INFO: [ view_end ] --START--
INFO: ShowPageTrace Behavior ::run [ RunTime:0.003000s ]
INFO: [ view_end ] --END-- [ RunTime:0.003000s ]

[ 2016-12-04T21:54:07+08:00 ] 127.0.0.1 /index.php?g=admin&m=setting&a=index&tag=1
INFO: [ app_begin ] --START--
INFO: ReadHtmlCache Behavior ::run [ RunTime:0.002000s ]
INFO: CheckLang Behavior ::run [ RunTime:0.004000s ]
INFO: [ app_begin ] --END-- [ RunTime:0.009001s ]
SQL: SHOW COLUMNS FROM `9f_admin` [ RunTime:0.008001s ]
SQL: SELECT * FROM `9f_admin` WHERE ( `userid` = 1 ) AND ( `username` = 'admin' ) LIMIT 1   [ RunTime:0.001000s ]
SQL: SHOW COLUMNS FROM `9f_webconfig` [ RunTime:0.012000s ]
SQL: SELECT * FROM `9f_webconfig` WHERE ( `vargroup` = 1 ) ORDER BY orderid desc,id asc  [ RunTime:0.001000s ]
INFO: [ view_parse ] --START--
NOTIC: [8] Undefined index: tab D:\wamp\www\goldcms\App\Runtime\Cache\Admin\97ce231397ced60bf6914a56bf286817.php 第 68 行.
INFO: ParseTemplate Behavior ::run [ RunTime:0.081004s ]
INFO: [ view_parse ] --END-- [ RunTime:0.081004s ]
INFO: [ view_filter ] --START--
INFO: ContentReplace Behavior ::run [ RunTime:0.002001s ]
INFO: TokenBuild Behavior ::run [ RunTime:0.002000s ]
INFO: WriteHtmlCache Behavior ::run [ RunTime:0.002000s ]
INFO: ShowRuntime Behavior ::run [ RunTime:0.002000s ]
INFO: [ view_filter ] --END-- [ RunTime:0.008001s ]
INFO: [ view_end ] --START--
INFO: ShowPageTrace Behavior ::run [ RunTime:0.002000s ]
INFO: [ view_end ] --END-- [ RunTime:0.002000s ]

[ 2016-12-04T21:54:47+08:00 ] 127.0.0.1 /index.php?g=admin&m=setting&a=update
INFO: [ app_begin ] --START--
INFO: ReadHtmlCache Behavior ::run [ RunTime:0.002000s ]
INFO: CheckLang Behavior ::run [ RunTime:0.003000s ]
INFO: [ app_begin ] --END-- [ RunTime:0.008000s ]
SQL: SHOW COLUMNS FROM `9f_admin` [ RunTime:0.004001s ]
SQL: SELECT * FROM `9f_admin` WHERE ( `userid` = 1 ) AND ( `username` = 'admin' ) LIMIT 1   [ RunTime:0.001000s ]
SQL: SHOW COLUMNS FROM `9f_webconfig` [ RunTime:0.005000s ]
SQL: UPDATE `9f_webconfig` SET `varvalue`='FAENZA' WHERE ( `varname` = 'webname' ) [ RunTime:0.001000s ]
SQL: UPDATE `9f_webconfig` SET `varvalue`='www.xiutub.com' WHERE ( `varname` = 'weburl' ) [ RunTime:0.001000s ]
SQL: UPDATE `9f_webconfig` SET `varvalue`='/' WHERE ( `varname` = 'webpath' ) [ RunTime:0.001000s ]
SQL: UPDATE `9f_webconfig` SET `varvalue`='FAENZA' WHERE ( `varname` = 'keyword' ) [ RunTime:0.000000s ]
SQL: UPDATE `9f_webconfig` SET `varvalue`='this is FAENZA' WHERE ( `varname` = 'description' ) [ RunTime:0.001000s ]
SQL: UPDATE `9f_webconfig` SET `varvalue`='©2016 FAENZA Sanitary ware All Rights Reserved.' WHERE ( `varname` = 'copyright' ) [ RunTime:0.000000s ]
SQL: UPDATE `9f_webconfig` SET `varvalue`='©2016 FAENZA Sanitary ware All Rights Reserved.' WHERE ( `varname` = 'beianhao' ) [ RunTime:0.003000s ]
SQL: UPDATE `9f_webconfig` SET `varvalue`='royware@royware.com' WHERE ( `varname` = 'email' ) [ RunTime:0.001000s ]
SQL: UPDATE `9f_webconfig` SET `varvalue`='royware@royware.com' WHERE ( `varname` = 'scape' ) [ RunTime:0.000000s ]
SQL: SELECT * FROM `9f_webconfig`  [ RunTime:0.001000s ]
NOTIC: [8] Undefined variable: str D:\wamp\www\goldcms\App\Modules\Admin\Action\SettingAction.class.php 第 76 行.

[ 2016-12-04T21:54:48+08:00 ] 127.0.0.1 /index.php?g=admin&m=setting&a=index
INFO: [ app_begin ] --START--
INFO: ReadHtmlCache Behavior ::run [ RunTime:0.002000s ]
INFO: CheckLang Behavior ::run [ RunTime:0.005001s ]
INFO: [ app_begin ] --END-- [ RunTime:0.007001s ]
SQL: SHOW COLUMNS FROM `9f_admin` [ RunTime:0.005001s ]
SQL: SELECT * FROM `9f_admin` WHERE ( `userid` = 1 ) AND ( `username` = 'admin' ) LIMIT 1   [ RunTime:0.001000s ]
SQL: SHOW COLUMNS FROM `9f_webconfig` [ RunTime:0.005000s ]
SQL: SELECT * FROM `9f_webconfig` WHERE ( `vargroup` = 1 ) ORDER BY orderid desc,id asc  [ RunTime:0.001000s ]
INFO: [ view_parse ] --START--
NOTIC: [8] Undefined index: tab D:\wamp\www\goldcms\App\Runtime\Cache\Admin\97ce231397ced60bf6914a56bf286817.php 第 68 行.
INFO: ParseTemplate Behavior ::run [ RunTime:0.071004s ]
INFO: [ view_parse ] --END-- [ RunTime:0.072004s ]
INFO: [ view_filter ] --START--
INFO: ContentReplace Behavior ::run [ RunTime:0.002000s ]
INFO: TokenBuild Behavior ::run [ RunTime:0.001001s ]
INFO: WriteHtmlCache Behavior ::run [ RunTime:0.002000s ]
INFO: ShowRuntime Behavior ::run [ RunTime:0.003000s ]
INFO: [ view_filter ] --END-- [ RunTime:0.008001s ]
INFO: [ view_end ] --START--
INFO: ShowPageTrace Behavior ::run [ RunTime:0.002000s ]
INFO: [ view_end ] --END-- [ RunTime:0.002000s ]

[ 2016-12-04T21:59:47+08:00 ] 127.0.0.1 /index.php
INFO: [ app_begin ] --START--
INFO: ReadHtmlCache Behavior ::run [ RunTime:0.002000s ]
INFO: CheckLang Behavior ::run [ RunTime:0.004000s ]
INFO: [ app_begin ] --END-- [ RunTime:0.006000s ]
NOTIC: [8] A session had already been started - ignoring session_start() D:\wamp\www\goldcms\App\ThinkPHP\Common\functions.php 第 566 行.
SQL: SHOW COLUMNS FROM `9f_ip` [ RunTime:0.076004s ]
SQL: SELECT `content` FROM `9f_ip` LIMIT 1   [ RunTime:0.003000s ]
INFO: [ view_parse ] --START--
INFO: ParseTemplate Behavior ::run [ RunTime:0.021001s ]
INFO: [ view_parse ] --END-- [ RunTime:0.022001s ]
INFO: [ view_filter ] --START--
INFO: ContentReplace Behavior ::run [ RunTime:0.001000s ]
INFO: TokenBuild Behavior ::run [ RunTime:0.002000s ]
INFO: WriteHtmlCache Behavior ::run [ RunTime:0.001000s ]
INFO: ShowRuntime Behavior ::run [ RunTime:0.002001s ]
INFO: [ view_filter ] --END-- [ RunTime:0.008001s ]
INFO: [ view_end ] --START--
INFO: ShowPageTrace Behavior ::run [ RunTime:0.002000s ]
INFO: [ view_end ] --END-- [ RunTime:0.002000s ]

[ 2016-12-04T22:00:23+08:00 ] 127.0.0.1 /index.php?g=admin&m=setting&a=update
INFO: [ app_begin ] --START--
INFO: ReadHtmlCache Behavior ::run [ RunTime:0.003000s ]
INFO: CheckLang Behavior ::run [ RunTime:0.005001s ]
INFO: [ app_begin ] --END-- [ RunTime:0.009001s ]
SQL: SHOW COLUMNS FROM `9f_admin` [ RunTime:0.008000s ]
SQL: SELECT * FROM `9f_admin` WHERE ( `userid` = 1 ) AND ( `username` = 'admin' ) LIMIT 1   [ RunTime:0.000000s ]
SQL: SHOW COLUMNS FROM `9f_webconfig` [ RunTime:0.006000s ]
SQL: UPDATE `9f_webconfig` SET `varvalue`='FAENZA' WHERE ( `varname` = 'webname' ) [ RunTime:0.001000s ]
SQL: UPDATE `9f_webconfig` SET `varvalue`='www.xiutub.com' WHERE ( `varname` = 'weburl' ) [ RunTime:0.001000s ]
SQL: UPDATE `9f_webconfig` SET `varvalue`='/' WHERE ( `varname` = 'webpath' ) [ RunTime:0.001000s ]
SQL: UPDATE `9f_webconfig` SET `varvalue`='FAENZA' WHERE ( `varname` = 'keyword' ) [ RunTime:0.001001s ]
SQL: UPDATE `9f_webconfig` SET `varvalue`='this is FAENZA' WHERE ( `varname` = 'description' ) [ RunTime:0.001000s ]
SQL: UPDATE `9f_webconfig` SET `varvalue`='©2016 FAENZA Sanitary ware All Rights Reserved.' WHERE ( `varname` = 'copyright' ) [ RunTime:0.001000s ]
SQL: UPDATE `9f_webconfig` SET `varvalue`='©2016 FAENZA Sanitary ware All Rights Reserved.' WHERE ( `varname` = 'beianhao' ) [ RunTime:0.001000s ]
SQL: UPDATE `9f_webconfig` SET `varvalue`='hedong123s@163.com' WHERE ( `varname` = 'email' ) [ RunTime:0.001000s ]
SQL: UPDATE `9f_webconfig` SET `varvalue`='474738268@qq.com' WHERE ( `varname` = 'scape' ) [ RunTime:0.000000s ]
SQL: SELECT * FROM `9f_webconfig`  [ RunTime:0.001000s ]
NOTIC: [8] Undefined variable: str D:\wamp\www\goldcms\App\Modules\Admin\Action\SettingAction.class.php 第 76 行.

[ 2016-12-04T22:00:24+08:00 ] 127.0.0.1 /index.php?g=admin&m=setting&a=index
INFO: [ app_begin ] --START--
INFO: ReadHtmlCache Behavior ::run [ RunTime:0.003000s ]
INFO: CheckLang Behavior ::run [ RunTime:0.004001s ]
INFO: [ app_begin ] --END-- [ RunTime:0.007001s ]
SQL: SHOW COLUMNS FROM `9f_admin` [ RunTime:0.004001s ]
SQL: SELECT * FROM `9f_admin` WHERE ( `userid` = 1 ) AND ( `username` = 'admin' ) LIMIT 1   [ RunTime:0.001000s ]
SQL: SHOW COLUMNS FROM `9f_webconfig` [ RunTime:0.006000s ]
SQL: SELECT * FROM `9f_webconfig` WHERE ( `vargroup` = 1 ) ORDER BY orderid desc,id asc  [ RunTime:0.004001s ]
INFO: [ view_parse ] --START--
NOTIC: [8] Undefined index: tab D:\wamp\www\goldcms\App\Runtime\Cache\Admin\97ce231397ced60bf6914a56bf286817.php 第 68 行.
INFO: ParseTemplate Behavior ::run [ RunTime:0.069004s ]
INFO: [ view_parse ] --END-- [ RunTime:0.069004s ]
INFO: [ view_filter ] --START--
INFO: ContentReplace Behavior ::run [ RunTime:0.002000s ]
INFO: TokenBuild Behavior ::run [ RunTime:0.001000s ]
INFO: WriteHtmlCache Behavior ::run [ RunTime:0.002000s ]
INFO: ShowRuntime Behavior ::run [ RunTime:0.006000s ]
INFO: [ view_filter ] --END-- [ RunTime:0.012000s ]
INFO: [ view_end ] --START--
INFO: ShowPageTrace Behavior ::run [ RunTime:0.002000s ]
INFO: [ view_end ] --END-- [ RunTime:0.002000s ]

[ 2016-12-04T22:00:29+08:00 ] 127.0.0.1 /index.php
INFO: [ app_begin ] --START--
INFO: ReadHtmlCache Behavior ::run [ RunTime:0.001000s ]
INFO: CheckLang Behavior ::run [ RunTime:0.002001s ]
INFO: [ app_begin ] --END-- [ RunTime:0.004001s ]
NOTIC: [8] A session had already been started - ignoring session_start() D:\wamp\www\goldcms\App\ThinkPHP\Common\functions.php 第 566 行.
SQL: SHOW COLUMNS FROM `9f_ip` [ RunTime:0.005000s ]
SQL: SELECT `content` FROM `9f_ip` LIMIT 1   [ RunTime:0.000000s ]
INFO: [ view_parse ] --START--
INFO: ParseTemplate Behavior ::run [ RunTime:0.021001s ]
INFO: [ view_parse ] --END-- [ RunTime:0.021001s ]
INFO: [ view_filter ] --START--
INFO: ContentReplace Behavior ::run [ RunTime:0.001000s ]
INFO: TokenBuild Behavior ::run [ RunTime:0.002000s ]
INFO: WriteHtmlCache Behavior ::run [ RunTime:0.001000s ]
INFO: ShowRuntime Behavior ::run [ RunTime:0.001000s ]
INFO: [ view_filter ] --END-- [ RunTime:0.006000s ]
INFO: [ view_end ] --START--
INFO: ShowPageTrace Behavior ::run [ RunTime:0.002000s ]
INFO: [ view_end ] --END-- [ RunTime:0.002000s ]

[ 2016-12-04T22:03:27+08:00 ] 127.0.0.1 /index.php?g=admin&m=setting&a=index
INFO: [ app_begin ] --START--
INFO: ReadHtmlCache Behavior ::run [ RunTime:0.001000s ]
INFO: CheckLang Behavior ::run [ RunTime:0.003000s ]
INFO: [ app_begin ] --END-- [ RunTime:0.005000s ]
SQL: SHOW COLUMNS FROM `9f_admin` [ RunTime:0.004001s ]
SQL: SELECT * FROM `9f_admin` WHERE ( `userid` = 1 ) AND ( `username` = 'admin' ) LIMIT 1   [ RunTime:0.001000s ]
SQL: SHOW COLUMNS FROM `9f_webconfig` [ RunTime:0.005000s ]
SQL: SELECT * FROM `9f_webconfig` WHERE ( `vargroup` = 1 ) ORDER BY orderid desc,id asc  [ RunTime:0.001000s ]
INFO: [ view_parse ] --START--
NOTIC: [8] Undefined index: tab D:\wamp\www\goldcms\App\Runtime\Cache\Admin\97ce231397ced60bf6914a56bf286817.php 第 68 行.
INFO: ParseTemplate Behavior ::run [ RunTime:0.065004s ]
INFO: [ view_parse ] --END-- [ RunTime:0.065004s ]
INFO: [ view_filter ] --START--
INFO: ContentReplace Behavior ::run [ RunTime:0.002000s ]
INFO: TokenBuild Behavior ::run [ RunTime:0.001000s ]
INFO: WriteHtmlCache Behavior ::run [ RunTime:0.001000s ]
INFO: ShowRuntime Behavior ::run [ RunTime:0.001000s ]
INFO: [ view_filter ] --END-- [ RunTime:0.006000s ]
INFO: [ view_end ] --START--
INFO: ShowPageTrace Behavior ::run [ RunTime:0.001000s ]
INFO: [ view_end ] --END-- [ RunTime:0.002000s ]

[ 2016-12-04T22:03:54+08:00 ] 127.0.0.1 /index.php
INFO: [ app_begin ] --START--
INFO: ReadHtmlCache Behavior ::run [ RunTime:0.002000s ]
INFO: CheckLang Behavior ::run [ RunTime:0.007000s ]
INFO: [ app_begin ] --END-- [ RunTime:0.009000s ]
NOTIC: [8] A session had already been started - ignoring session_start() D:\wamp\www\goldcms\App\ThinkPHP\Common\functions.php 第 566 行.
SQL: SHOW COLUMNS FROM `9f_ip` [ RunTime:0.005000s ]
SQL: SELECT `content` FROM `9f_ip` LIMIT 1   [ RunTime:0.001000s ]
INFO: [ view_parse ] --START--
INFO: ParseTemplate Behavior ::run [ RunTime:0.021002s ]
INFO: [ view_parse ] --END-- [ RunTime:0.021002s ]
INFO: [ view_filter ] --START--
INFO: ContentReplace Behavior ::run [ RunTime:0.002000s ]
INFO: TokenBuild Behavior ::run [ RunTime:0.002000s ]
INFO: WriteHtmlCache Behavior ::run [ RunTime:0.001000s ]
INFO: ShowRuntime Behavior ::run [ RunTime:0.002000s ]
INFO: [ view_filter ] --END-- [ RunTime:0.007000s ]
INFO: [ view_end ] --START--
INFO: ShowPageTrace Behavior ::run [ RunTime:0.002000s ]
INFO: [ view_end ] --END-- [ RunTime:0.002000s ]

[ 2016-12-04T22:04:15+08:00 ] 127.0.0.1 /index.php
INFO: [ app_begin ] --START--
INFO: ReadHtmlCache Behavior ::run [ RunTime:0.002000s ]
INFO: CheckLang Behavior ::run [ RunTime:0.004000s ]
INFO: [ app_begin ] --END-- [ RunTime:0.006000s ]
NOTIC: [8] A session had already been started - ignoring session_start() D:\wamp\www\goldcms\App\ThinkPHP\Common\functions.php 第 566 行.
SQL: SHOW COLUMNS FROM `9f_ip` [ RunTime:0.004000s ]
SQL: SELECT `content` FROM `9f_ip` LIMIT 1   [ RunTime:0.001000s ]
INFO: [ view_parse ] --START--
INFO: ParseTemplate Behavior ::run [ RunTime:0.022001s ]
INFO: [ view_parse ] --END-- [ RunTime:0.022001s ]
INFO: [ view_filter ] --START--
INFO: ContentReplace Behavior ::run [ RunTime:0.001000s ]
INFO: TokenBuild Behavior ::run [ RunTime:0.001000s ]
INFO: WriteHtmlCache Behavior ::run [ RunTime:0.001000s ]
INFO: ShowRuntime Behavior ::run [ RunTime:0.002000s ]
INFO: [ view_filter ] --END-- [ RunTime:0.006000s ]
INFO: [ view_end ] --START--
INFO: ShowPageTrace Behavior ::run [ RunTime:0.001000s ]
INFO: [ view_end ] --END-- [ RunTime:0.002000s ]

[ 2016-12-04T22:05:29+08:00 ] 127.0.0.1 /index.php
INFO: [ app_begin ] --START--
INFO: ReadHtmlCache Behavior ::run [ RunTime:0.002001s ]
INFO: CheckLang Behavior ::run [ RunTime:0.003000s ]
INFO: [ app_begin ] --END-- [ RunTime:0.006001s ]
NOTIC: [8] A session had already been started - ignoring session_start() D:\wamp\www\goldcms\App\ThinkPHP\Common\functions.php 第 566 行.
SQL: SHOW COLUMNS FROM `9f_ip` [ RunTime:0.005000s ]
SQL: SELECT `content` FROM `9f_ip` LIMIT 1   [ RunTime:0.000000s ]
INFO: [ view_parse ] --START--
INFO: ParseTemplate Behavior ::run [ RunTime:0.023002s ]
INFO: [ view_parse ] --END-- [ RunTime:0.023002s ]
INFO: [ view_filter ] --START--
INFO: ContentReplace Behavior ::run [ RunTime:0.001000s ]
INFO: TokenBuild Behavior ::run [ RunTime:0.002000s ]
INFO: WriteHtmlCache Behavior ::run [ RunTime:0.001000s ]
INFO: ShowRuntime Behavior ::run [ RunTime:0.001000s ]
INFO: [ view_filter ] --END-- [ RunTime:0.006000s ]
INFO: [ view_end ] --START--
INFO: ShowPageTrace Behavior ::run [ RunTime:0.002000s ]
INFO: [ view_end ] --END-- [ RunTime:0.002000s ]

[ 2016-12-04T22:05:40+08:00 ] 127.0.0.1 /index.php?m=product&a=ceramics
INFO: [ app_begin ] --START--
INFO: ReadHtmlCache Behavior ::run [ RunTime:0.002001s ]
INFO: CheckLang Behavior ::run [ RunTime:0.005000s ]
INFO: [ app_begin ] --END-- [ RunTime:0.007001s ]
NOTIC: [8] A session had already been started - ignoring session_start() D:\wamp\www\goldcms\App\ThinkPHP\Common\functions.php 第 566 行.
SQL: SHOW COLUMNS FROM `9f_ip` [ RunTime:0.004001s ]
SQL: SELECT `content` FROM `9f_ip` LIMIT 1   [ RunTime:0.001000s ]
INFO: [ view_parse ] --START--
INFO: ParseTemplate Behavior ::run [ RunTime:0.023001s ]
INFO: [ view_parse ] --END-- [ RunTime:0.023001s ]
INFO: [ view_filter ] --START--
INFO: ContentReplace Behavior ::run [ RunTime:0.004000s ]
INFO: TokenBuild Behavior ::run [ RunTime:0.002001s ]
INFO: WriteHtmlCache Behavior ::run [ RunTime:0.001000s ]
INFO: ShowRuntime Behavior ::run [ RunTime:0.003000s ]
INFO: [ view_filter ] --END-- [ RunTime:0.010001s ]
INFO: [ view_end ] --START--
INFO: ShowPageTrace Behavior ::run [ RunTime:0.001000s ]
INFO: [ view_end ] --END-- [ RunTime:0.002000s ]

[ 2016-12-04T22:05:48+08:00 ] 127.0.0.1 /index.php?m=product&a=sanitary
INFO: [ app_begin ] --START--
INFO: ReadHtmlCache Behavior ::run [ RunTime:0.002000s ]
INFO: CheckLang Behavior ::run [ RunTime:0.004000s ]
INFO: [ app_begin ] --END-- [ RunTime:0.006000s ]
NOTIC: [8] A session had already been started - ignoring session_start() D:\wamp\www\goldcms\App\ThinkPHP\Common\functions.php 第 566 行.
SQL: SHOW COLUMNS FROM `9f_ip` [ RunTime:0.004000s ]
SQL: SELECT `content` FROM `9f_ip` LIMIT 1   [ RunTime:0.001000s ]
INFO: [ view_parse ] --START--
INFO: ParseTemplate Behavior ::run [ RunTime:0.023002s ]
INFO: [ view_parse ] --END-- [ RunTime:0.024002s ]
INFO: [ view_filter ] --START--
INFO: ContentReplace Behavior ::run [ RunTime:0.001000s ]
INFO: TokenBuild Behavior ::run [ RunTime:0.001000s ]
INFO: WriteHtmlCache Behavior ::run [ RunTime:0.000000s ]
INFO: ShowRuntime Behavior ::run [ RunTime:0.001000s ]
INFO: [ view_filter ] --END-- [ RunTime:0.006000s ]
INFO: [ view_end ] --START--
INFO: ShowPageTrace Behavior ::run [ RunTime:0.002000s ]
INFO: [ view_end ] --END-- [ RunTime:0.002000s ]

[ 2016-12-04T22:05:53+08:00 ] 127.0.0.1 /index.php?m=index&a=catalog
INFO: [ app_begin ] --START--
INFO: ReadHtmlCache Behavior ::run [ RunTime:0.003001s ]
INFO: CheckLang Behavior ::run [ RunTime:0.004000s ]
INFO: [ app_begin ] --END-- [ RunTime:0.008001s ]
NOTIC: [8] A session had already been started - ignoring session_start() D:\wamp\www\goldcms\App\ThinkPHP\Common\functions.php 第 566 行.
SQL: SHOW COLUMNS FROM `9f_ip` [ RunTime:0.004000s ]
SQL: SELECT `content` FROM `9f_ip` LIMIT 1   [ RunTime:0.000000s ]
INFO: [ view_parse ] --START--
INFO: ParseTemplate Behavior ::run [ RunTime:0.021001s ]
INFO: [ view_parse ] --END-- [ RunTime:0.021001s ]
INFO: [ view_filter ] --START--
INFO: ContentReplace Behavior ::run [ RunTime:0.002001s ]
INFO: TokenBuild Behavior ::run [ RunTime:0.001000s ]
INFO: WriteHtmlCache Behavior ::run [ RunTime:0.001000s ]
INFO: ShowRuntime Behavior ::run [ RunTime:0.001000s ]
INFO: [ view_filter ] --END-- [ RunTime:0.006001s ]
INFO: [ view_end ] --START--
INFO: ShowPageTrace Behavior ::run [ RunTime:0.002000s ]
INFO: [ view_end ] --END-- [ RunTime:0.002000s ]

[ 2016-12-04T22:05:55+08:00 ] 127.0.0.1 /index.php
INFO: [ app_begin ] --START--
INFO: ReadHtmlCache Behavior ::run [ RunTime:0.002000s ]
INFO: CheckLang Behavior ::run [ RunTime:0.004000s ]
INFO: [ app_begin ] --END-- [ RunTime:0.006000s ]
NOTIC: [8] A session had already been started - ignoring session_start() D:\wamp\www\goldcms\App\ThinkPHP\Common\functions.php 第 566 行.
SQL: SHOW COLUMNS FROM `9f_ip` [ RunTime:0.004000s ]
SQL: SELECT `content` FROM `9f_ip` LIMIT 1   [ RunTime:0.001001s ]
INFO: [ view_parse ] --START--
INFO: ParseTemplate Behavior ::run [ RunTime:0.020001s ]
INFO: [ view_parse ] --END-- [ RunTime:0.020001s ]
INFO: [ view_filter ] --START--
INFO: ContentReplace Behavior ::run [ RunTime:0.002000s ]
INFO: TokenBuild Behavior ::run [ RunTime:0.001000s ]
INFO: WriteHtmlCache Behavior ::run [ RunTime:0.001000s ]
INFO: ShowRuntime Behavior ::run [ RunTime:0.002000s ]
INFO: [ view_filter ] --END-- [ RunTime:0.006000s ]
INFO: [ view_end ] --START--
INFO: ShowPageTrace Behavior ::run [ RunTime:0.001000s ]
INFO: [ view_end ] --END-- [ RunTime:0.001000s ]

[ 2016-12-04T22:06:23+08:00 ] 127.0.0.1 /index.php
INFO: [ app_begin ] --START--
INFO: ReadHtmlCache Behavior ::run [ RunTime:0.001000s ]
INFO: CheckLang Behavior ::run [ RunTime:0.004000s ]
INFO: [ app_begin ] --END-- [ RunTime:0.006000s ]
NOTIC: [8] A session had already been started - ignoring session_start() D:\wamp\www\goldcms\App\ThinkPHP\Common\functions.php 第 566 行.
SQL: SHOW COLUMNS FROM `9f_ip` [ RunTime:0.004000s ]
SQL: SELECT `content` FROM `9f_ip` LIMIT 1   [ RunTime:0.001000s ]
INFO: [ view_parse ] --START--
INFO: ParseTemplate Behavior ::run [ RunTime:0.021001s ]
INFO: [ view_parse ] --END-- [ RunTime:0.021001s ]
INFO: [ view_filter ] --START--
INFO: ContentReplace Behavior ::run [ RunTime:0.002000s ]
INFO: TokenBuild Behavior ::run [ RunTime:0.001000s ]
INFO: WriteHtmlCache Behavior ::run [ RunTime:0.001000s ]
INFO: ShowRuntime Behavior ::run [ RunTime:0.001000s ]
INFO: [ view_filter ] --END-- [ RunTime:0.006000s ]
INFO: [ view_end ] --START--
INFO: ShowPageTrace Behavior ::run [ RunTime:0.001000s ]
INFO: [ view_end ] --END-- [ RunTime:0.002000s ]

[ 2016-12-04T22:06:24+08:00 ] 127.0.0.1 /index.php?m=index&a=catalog
INFO: [ app_begin ] --START--
INFO: ReadHtmlCache Behavior ::run [ RunTime:0.001000s ]
INFO: CheckLang Behavior ::run [ RunTime:0.003001s ]
INFO: [ app_begin ] --END-- [ RunTime:0.006001s ]
NOTIC: [8] A session had already been started - ignoring session_start() D:\wamp\www\goldcms\App\ThinkPHP\Common\functions.php 第 566 行.
SQL: SHOW COLUMNS FROM `9f_ip` [ RunTime:0.004000s ]
SQL: SELECT `content` FROM `9f_ip` LIMIT 1   [ RunTime:0.000000s ]
INFO: [ view_parse ] --START--
INFO: ParseTemplate Behavior ::run [ RunTime:0.019001s ]
INFO: [ view_parse ] --END-- [ RunTime:0.019001s ]
INFO: [ view_filter ] --START--
INFO: ContentReplace Behavior ::run [ RunTime:0.001000s ]
INFO: TokenBuild Behavior ::run [ RunTime:0.001000s ]
INFO: WriteHtmlCache Behavior ::run [ RunTime:0.001000s ]
INFO: ShowRuntime Behavior ::run [ RunTime:0.002000s ]
INFO: [ view_filter ] --END-- [ RunTime:0.006000s ]
INFO: [ view_end ] --START--
INFO: ShowPageTrace Behavior ::run [ RunTime:0.001000s ]
INFO: [ view_end ] --END-- [ RunTime:0.003000s ]

[ 2016-12-04T22:06:29+08:00 ] 127.0.0.1 /index.php?m=index&a=products
INFO: [ app_begin ] --START--
INFO: ReadHtmlCache Behavior ::run [ RunTime:0.002000s ]
INFO: CheckLang Behavior ::run [ RunTime:0.003001s ]
INFO: [ app_begin ] --END-- [ RunTime:0.005001s ]
NOTIC: [8] A session had already been started - ignoring session_start() D:\wamp\www\goldcms\App\ThinkPHP\Common\functions.php 第 566 行.
SQL: SHOW COLUMNS FROM `9f_ip` [ RunTime:0.005000s ]
SQL: SELECT `content` FROM `9f_ip` LIMIT 1   [ RunTime:0.002000s ]
INFO: [ view_parse ] --START--
INFO: ParseTemplate Behavior ::run [ RunTime:0.021001s ]
INFO: [ view_parse ] --END-- [ RunTime:0.023001s ]
INFO: [ view_filter ] --START--
INFO: ContentReplace Behavior ::run [ RunTime:0.001001s ]
INFO: TokenBuild Behavior ::run [ RunTime:0.001000s ]
INFO: WriteHtmlCache Behavior ::run [ RunTime:0.001000s ]
INFO: ShowRuntime Behavior ::run [ RunTime:0.002000s ]
INFO: [ view_filter ] --END-- [ RunTime:0.006001s ]
INFO: [ view_end ] --START--
INFO: ShowPageTrace Behavior ::run [ RunTime:0.002000s ]
INFO: [ view_end ] --END-- [ RunTime:0.002000s ]

[ 2016-12-04T22:06:32+08:00 ] 127.0.0.1 /index.php?m=index&a=news
INFO: [ app_begin ] --START--
INFO: ReadHtmlCache Behavior ::run [ RunTime:0.002000s ]
INFO: CheckLang Behavior ::run [ RunTime:0.004001s ]
INFO: [ app_begin ] --END-- [ RunTime:0.006001s ]
NOTIC: [8] A session had already been started - ignoring session_start() D:\wamp\www\goldcms\App\ThinkPHP\Common\functions.php 第 566 行.
SQL: SHOW COLUMNS FROM `9f_ip` [ RunTime:0.004000s ]
SQL: SELECT `content` FROM `9f_ip` LIMIT 1   [ RunTime:0.001000s ]
INFO: [ view_parse ] --START--
INFO: ParseTemplate Behavior ::run [ RunTime:0.023002s ]
INFO: [ view_parse ] --END-- [ RunTime:0.024002s ]
INFO: [ view_filter ] --START--
INFO: ContentReplace Behavior ::run [ RunTime:0.001000s ]
INFO: TokenBuild Behavior ::run [ RunTime:0.002000s ]
INFO: WriteHtmlCache Behavior ::run [ RunTime:0.001000s ]
INFO: ShowRuntime Behavior ::run [ RunTime:0.002000s ]
INFO: [ view_filter ] --END-- [ RunTime:0.006000s ]
INFO: [ view_end ] --START--
INFO: ShowPageTrace Behavior ::run [ RunTime:0.002000s ]
INFO: [ view_end ] --END-- [ RunTime:0.002000s ]

[ 2016-12-04T22:06:34+08:00 ] 127.0.0.1 /index.php?m=index&a=company
INFO: [ app_begin ] --START--
INFO: ReadHtmlCache Behavior ::run [ RunTime:0.002000s ]
INFO: CheckLang Behavior ::run [ RunTime:0.003000s ]
INFO: [ app_begin ] --END-- [ RunTime:0.005000s ]
NOTIC: [8] A session had already been started - ignoring session_start() D:\wamp\www\goldcms\App\ThinkPHP\Common\functions.php 第 566 行.
SQL: SHOW COLUMNS FROM `9f_ip` [ RunTime:0.020001s ]
SQL: SELECT `content` FROM `9f_ip` LIMIT 1   [ RunTime:0.000000s ]
INFO: [ view_parse ] --START--
INFO: ParseTemplate Behavior ::run [ RunTime:0.019001s ]
INFO: [ view_parse ] --END-- [ RunTime:0.019001s ]
INFO: [ view_filter ] --START--
INFO: ContentReplace Behavior ::run [ RunTime:0.001000s ]
INFO: TokenBuild Behavior ::run [ RunTime:0.002000s ]
INFO: WriteHtmlCache Behavior ::run [ RunTime:0.003000s ]
INFO: ShowRuntime Behavior ::run [ RunTime:0.002000s ]
INFO: [ view_filter ] --END-- [ RunTime:0.009000s ]
INFO: [ view_end ] --START--
INFO: ShowPageTrace Behavior ::run [ RunTime:0.002000s ]
INFO: [ view_end ] --END-- [ RunTime:0.002000s ]

[ 2016-12-04T22:06:37+08:00 ] 127.0.0.1 /index.php?m=index&a=company
INFO: [ app_begin ] --START--
INFO: ReadHtmlCache Behavior ::run [ RunTime:0.003000s ]
INFO: CheckLang Behavior ::run [ RunTime:0.003000s ]
INFO: [ app_begin ] --END-- [ RunTime:0.007000s ]
NOTIC: [8] A session had already been started - ignoring session_start() D:\wamp\www\goldcms\App\ThinkPHP\Common\functions.php 第 566 行.
SQL: SHOW COLUMNS FROM `9f_ip` [ RunTime:0.004000s ]
SQL: SELECT `content` FROM `9f_ip` LIMIT 1   [ RunTime:0.001000s ]
INFO: [ view_parse ] --START--
INFO: ParseTemplate Behavior ::run [ RunTime:0.020001s ]
INFO: [ view_parse ] --END-- [ RunTime:0.020001s ]
INFO: [ view_filter ] --START--
INFO: ContentReplace Behavior ::run [ RunTime:0.001000s ]
INFO: TokenBuild Behavior ::run [ RunTime:0.001000s ]
INFO: WriteHtmlCache Behavior ::run [ RunTime:0.001000s ]
INFO: ShowRuntime Behavior ::run [ RunTime:0.002000s ]
INFO: [ view_filter ] --END-- [ RunTime:0.006000s ]
INFO: [ view_end ] --START--
INFO: ShowPageTrace Behavior ::run [ RunTime:0.001000s ]
INFO: [ view_end ] --END-- [ RunTime:0.002000s ]

[ 2016-12-04T22:06:39+08:00 ] 127.0.0.1 /index.php?m=product&a=ceramics
INFO: [ app_begin ] --START--
INFO: ReadHtmlCache Behavior ::run [ RunTime:0.001000s ]
INFO: CheckLang Behavior ::run [ RunTime:0.005000s ]
INFO: [ app_begin ] --END-- [ RunTime:0.007000s ]
NOTIC: [8] A session had already been started - ignoring session_start() D:\wamp\www\goldcms\App\ThinkPHP\Common\functions.php 第 566 行.
SQL: SHOW COLUMNS FROM `9f_ip` [ RunTime:0.005000s ]
SQL: SELECT `content` FROM `9f_ip` LIMIT 1   [ RunTime:0.000000s ]
INFO: [ view_parse ] --START--
INFO: ParseTemplate Behavior ::run [ RunTime:0.022002s ]
INFO: [ view_parse ] --END-- [ RunTime:0.023002s ]
INFO: [ view_filter ] --START--
INFO: ContentReplace Behavior ::run [ RunTime:0.002000s ]
INFO: TokenBuild Behavior ::run [ RunTime:0.002000s ]
INFO: WriteHtmlCache Behavior ::run [ RunTime:0.001000s ]
INFO: ShowRuntime Behavior ::run [ RunTime:0.002000s ]
INFO: [ view_filter ] --END-- [ RunTime:0.008000s ]
INFO: [ view_end ] --START--
INFO: ShowPageTrace Behavior ::run [ RunTime:0.002000s ]
INFO: [ view_end ] --END-- [ RunTime:0.002000s ]

[ 2016-12-04T22:06:40+08:00 ] 127.0.0.1 /index.php?m=product&a=sanitary
INFO: [ app_begin ] --START--
INFO: ReadHtmlCache Behavior ::run [ RunTime:0.002000s ]
INFO: CheckLang Behavior ::run [ RunTime:0.003001s ]
INFO: [ app_begin ] --END-- [ RunTime:0.007001s ]
NOTIC: [8] A session had already been started - ignoring session_start() D:\wamp\www\goldcms\App\ThinkPHP\Common\functions.php 第 566 行.
SQL: SHOW COLUMNS FROM `9f_ip` [ RunTime:0.004000s ]
SQL: SELECT `content` FROM `9f_ip` LIMIT 1   [ RunTime:0.000000s ]
INFO: [ view_parse ] --START--
INFO: ParseTemplate Behavior ::run [ RunTime:0.023002s ]
INFO: [ view_parse ] --END-- [ RunTime:0.023002s ]
INFO: [ view_filter ] --START--
INFO: ContentReplace Behavior ::run [ RunTime:0.001000s ]
INFO: TokenBuild Behavior ::run [ RunTime:0.002000s ]
INFO: WriteHtmlCache Behavior ::run [ RunTime:0.001000s ]
INFO: ShowRuntime Behavior ::run [ RunTime:0.002000s ]
INFO: [ view_filter ] --END-- [ RunTime:0.007000s ]
INFO: [ view_end ] --START--
INFO: ShowPageTrace Behavior ::run [ RunTime:0.002000s ]
INFO: [ view_end ] --END-- [ RunTime:0.002000s ]

[ 2016-12-04T22:07:02+08:00 ] 127.0.0.1 /index.php?m=product&a=sanitary
INFO: [ app_begin ] --START--
INFO: ReadHtmlCache Behavior ::run [ RunTime:0.002001s ]
INFO: CheckLang Behavior ::run [ RunTime:0.005000s ]
INFO: [ app_begin ] --END-- [ RunTime:0.007001s ]
NOTIC: [8] A session had already been started - ignoring session_start() D:\wamp\www\goldcms\App\ThinkPHP\Common\functions.php 第 566 行.
SQL: SHOW COLUMNS FROM `9f_ip` [ RunTime:0.005000s ]
SQL: SELECT `content` FROM `9f_ip` LIMIT 1   [ RunTime:0.000000s ]
INFO: [ view_parse ] --START--
INFO: ParseTemplate Behavior ::run [ RunTime:0.021002s ]
INFO: [ view_parse ] --END-- [ RunTime:0.021002s ]
INFO: [ view_filter ] --START--
INFO: ContentReplace Behavior ::run [ RunTime:0.001000s ]
INFO: TokenBuild Behavior ::run [ RunTime:0.002000s ]
INFO: WriteHtmlCache Behavior ::run [ RunTime:0.001000s ]
INFO: ShowRuntime Behavior ::run [ RunTime:0.002000s ]
INFO: [ view_filter ] --END-- [ RunTime:0.006000s ]
INFO: [ view_end ] --START--
INFO: ShowPageTrace Behavior ::run [ RunTime:0.002000s ]
INFO: [ view_end ] --END-- [ RunTime:0.002000s ]

[ 2016-12-04T22:07:41+08:00 ] 127.0.0.1 /index.php?m=product&a=sanitary
INFO: [ app_begin ] --START--
INFO: ReadHtmlCache Behavior ::run [ RunTime:0.002000s ]
INFO: CheckLang Behavior ::run [ RunTime:0.003000s ]
INFO: [ app_begin ] --END-- [ RunTime:0.005000s ]
NOTIC: [8] A session had already been started - ignoring session_start() D:\wamp\www\goldcms\App\ThinkPHP\Common\functions.php 第 566 行.
SQL: SHOW COLUMNS FROM `9f_ip` [ RunTime:0.004000s ]
SQL: SELECT `content` FROM `9f_ip` LIMIT 1   [ RunTime:0.001000s ]
INFO: [ view_parse ] --START--
INFO: ParseTemplate Behavior ::run [ RunTime:0.021001s ]
INFO: [ view_parse ] --END-- [ RunTime:0.022002s ]
INFO: [ view_filter ] --START--
INFO: ContentReplace Behavior ::run [ RunTime:0.001000s ]
INFO: TokenBuild Behavior ::run [ RunTime:0.002000s ]
INFO: WriteHtmlCache Behavior ::run [ RunTime:0.001000s ]
INFO: ShowRuntime Behavior ::run [ RunTime:0.002000s ]
INFO: [ view_filter ] --END-- [ RunTime:0.006000s ]
INFO: [ view_end ] --START--
INFO: ShowPageTrace Behavior ::run [ RunTime:0.001000s ]
INFO: [ view_end ] --END-- [ RunTime:0.001000s ]

[ 2016-12-04T22:08:13+08:00 ] 127.0.0.1 /index.php?m=product&a=sanitary
INFO: [ app_begin ] --START--
INFO: ReadHtmlCache Behavior ::run [ RunTime:0.002000s ]
INFO: CheckLang Behavior ::run [ RunTime:0.003000s ]
INFO: [ app_begin ] --END-- [ RunTime:0.006000s ]
NOTIC: [8] A session had already been started - ignoring session_start() D:\wamp\www\goldcms\App\ThinkPHP\Common\functions.php 第 566 行.
SQL: SHOW COLUMNS FROM `9f_ip` [ RunTime:0.005000s ]
SQL: SELECT `content` FROM `9f_ip` LIMIT 1   [ RunTime:0.000000s ]
INFO: [ view_parse ] --START--
INFO: ParseTemplate Behavior ::run [ RunTime:0.023001s ]
INFO: [ view_parse ] --END-- [ RunTime:0.023001s ]
INFO: [ view_filter ] --START--
INFO: ContentReplace Behavior ::run [ RunTime:0.002000s ]
INFO: TokenBuild Behavior ::run [ RunTime:0.002000s ]
INFO: WriteHtmlCache Behavior ::run [ RunTime:0.001000s ]
INFO: ShowRuntime Behavior ::run [ RunTime:0.002000s ]
INFO: [ view_filter ] --END-- [ RunTime:0.007000s ]
INFO: [ view_end ] --START--
INFO: ShowPageTrace Behavior ::run [ RunTime:0.002000s ]
INFO: [ view_end ] --END-- [ RunTime:0.003000s ]

[ 2016-12-04T22:08:30+08:00 ] 127.0.0.1 /index.php?g=admin&m=index&a=index
INFO: [ app_begin ] --START--
INFO: ReadHtmlCache Behavior ::run [ RunTime:0.002000s ]
INFO: CheckLang Behavior ::run [ RunTime:0.004000s ]
INFO: [ app_begin ] --END-- [ RunTime:0.006000s ]
SQL: SHOW COLUMNS FROM `9f_admin` [ RunTime:0.018002s ]
SQL: SELECT * FROM `9f_admin` WHERE ( `userid` = 1 ) AND ( `username` = 'admin' ) LIMIT 1   [ RunTime:0.001000s ]
NOTIC: [8] Undefined variable: menu_arr D:\wamp\www\goldcms\App\Modules\Admin\Action\IndexAction.class.php 第 9 行.
INFO: [ view_parse ] --START--
INFO: ParseTemplate Behavior ::run [ RunTime:0.040002s ]
INFO: [ view_parse ] --END-- [ RunTime:0.041002s ]
INFO: [ view_filter ] --START--
INFO: ContentReplace Behavior ::run [ RunTime:0.003000s ]
INFO: TokenBuild Behavior ::run [ RunTime:0.002000s ]
INFO: WriteHtmlCache Behavior ::run [ RunTime:0.001000s ]
INFO: ShowRuntime Behavior ::run [ RunTime:0.002001s ]
INFO: [ view_filter ] --END-- [ RunTime:0.008001s ]
INFO: [ view_end ] --START--
INFO: ShowPageTrace Behavior ::run [ RunTime:0.002000s ]
INFO: [ view_end ] --END-- [ RunTime:0.003000s ]

[ 2016-12-04T22:08:31+08:00 ] 127.0.0.1 /index.php?g=admin&m=index&a=sort_iframe
INFO: [ app_begin ] --START--
INFO: ReadHtmlCache Behavior ::run [ RunTime:0.003001s ]
INFO: CheckLang Behavior ::run [ RunTime:0.005000s ]
INFO: [ app_begin ] --END-- [ RunTime:0.008001s ]
SQL: SHOW COLUMNS FROM `9f_admin` [ RunTime:0.007000s ]
SQL: SELECT * FROM `9f_admin` WHERE ( `userid` = 1 ) AND ( `username` = 'admin' ) LIMIT 1   [ RunTime:0.000000s ]

[ 2016-12-04T22:08:31+08:00 ] 127.0.0.1 /index.php?g=admin&m=index&a=main
INFO: [ app_begin ] --START--
INFO: ReadHtmlCache Behavior ::run [ RunTime:0.003001s ]
INFO: CheckLang Behavior ::run [ RunTime:0.005000s ]
INFO: [ app_begin ] --END-- [ RunTime:0.008001s ]
SQL: SHOW COLUMNS FROM `9f_admin` [ RunTime:0.006001s ]
SQL: SELECT * FROM `9f_admin` WHERE ( `userid` = 1 ) AND ( `username` = 'admin' ) LIMIT 1   [ RunTime:0.003000s ]
SQL: SHOW COLUMNS FROM `9f_content` [ RunTime:0.005000s ]
SQL: SHOW COLUMNS FROM `9f_category` [ RunTime:0.009001s ]
SQL: SELECT * FROM `9f_content` WHERE ( `id` <> '' ) ORDER BY orderid desc,id desc  [ RunTime:0.001000s ]
SQL: SELECT * FROM `9f_category` WHERE ( `id` <> '' ) ORDER BY id desc  [ RunTime:0.001000s ]
INFO: [ view_parse ] --START--
SQL: SHOW COLUMNS FROM `9f_admin_text` [ RunTime:0.004000s ]
SQL: SELECT `content` FROM `9f_admin_text` WHERE ( `id` = 1 ) LIMIT 1   [ RunTime:0.001000s ]
NOTIC: [8] Use of undefined constant imageline - assumed 'imageline' D:\wamp\www\goldcms\App\Runtime\Cache\Admin\08377bbc6fc93167e493f6c985ae1114.php 第 65 行.
INFO: ParseTemplate Behavior ::run [ RunTime:0.032002s ]
INFO: [ view_parse ] --END-- [ RunTime:0.032002s ]
INFO: [ view_filter ] --START--
INFO: ContentReplace Behavior ::run [ RunTime:0.001000s ]
INFO: TokenBuild Behavior ::run [ RunTime:0.001000s ]
INFO: WriteHtmlCache Behavior ::run [ RunTime:0.001000s ]
INFO: ShowRuntime Behavior ::run [ RunTime:0.002000s ]
INFO: [ view_filter ] --END-- [ RunTime:0.006000s ]
INFO: [ view_end ] --START--
INFO: ShowPageTrace Behavior ::run [ RunTime:0.002001s ]
INFO: [ view_end ] --END-- [ RunTime:0.002001s ]

[ 2016-12-04T22:08:31+08:00 ] 127.0.0.1 /index.php?g=admin&m=member&a=index
INFO: [ app_begin ] --START--
INFO: ReadHtmlCache Behavior ::run [ RunTime:0.002000s ]
INFO: CheckLang Behavior ::run [ RunTime:0.004001s ]
INFO: [ app_begin ] --END-- [ RunTime:0.007001s ]
SQL: SHOW COLUMNS FROM `9f_admin` [ RunTime:0.004000s ]
SQL: SELECT * FROM `9f_admin` WHERE ( `userid` = 1 ) AND ( `username` = 'admin' ) LIMIT 1   [ RunTime:0.001001s ]
SQL: SHOW COLUMNS FROM `9f_member` [ RunTime:0.006000s ]
SQL: SELECT COUNT(*) AS tp_count FROM `9f_member` ORDER BY id desc LIMIT 1   [ RunTime:0.000000s ]
SQL: SELECT * FROM `9f_member` ORDER BY id desc LIMIT 0,20   [ RunTime:0.001000s ]
INFO: [ view_parse ] --START--
INFO: ParseTemplate Behavior ::run [ RunTime:0.032002s ]
INFO: [ view_parse ] --END-- [ RunTime:0.033002s ]
INFO: [ view_filter ] --START--
INFO: ContentReplace Behavior ::run [ RunTime:0.001000s ]
INFO: TokenBuild Behavior ::run [ RunTime:0.001000s ]
INFO: WriteHtmlCache Behavior ::run [ RunTime:0.001000s ]
INFO: ShowRuntime Behavior ::run [ RunTime:0.001000s ]
INFO: [ view_filter ] --END-- [ RunTime:0.006001s ]
INFO: [ view_end ] --START--
INFO: ShowPageTrace Behavior ::run [ RunTime:0.002000s ]
INFO: [ view_end ] --END-- [ RunTime:0.002000s ]

[ 2016-12-04T22:08:32+08:00 ] 127.0.0.1 /index.php?g=admin&m=setting&a=index&tag=1
INFO: [ app_begin ] --START--
INFO: ReadHtmlCache Behavior ::run [ RunTime:0.002000s ]
INFO: CheckLang Behavior ::run [ RunTime:0.003000s ]
INFO: [ app_begin ] --END-- [ RunTime:0.005000s ]
SQL: SHOW COLUMNS FROM `9f_admin` [ RunTime:0.005000s ]
SQL: SELECT * FROM `9f_admin` WHERE ( `userid` = 1 ) AND ( `username` = 'admin' ) LIMIT 1   [ RunTime:0.002000s ]
SQL: SHOW COLUMNS FROM `9f_webconfig` [ RunTime:0.005000s ]
SQL: SELECT * FROM `9f_webconfig` WHERE ( `vargroup` = 1 ) ORDER BY orderid desc,id asc  [ RunTime:0.001000s ]
INFO: [ view_parse ] --START--
NOTIC: [8] Undefined index: tab D:\wamp\www\goldcms\App\Runtime\Cache\Admin\97ce231397ced60bf6914a56bf286817.php 第 68 行.
INFO: ParseTemplate Behavior ::run [ RunTime:0.069004s ]
INFO: [ view_parse ] --END-- [ RunTime:0.069004s ]
INFO: [ view_filter ] --START--
INFO: ContentReplace Behavior ::run [ RunTime:0.004000s ]
INFO: TokenBuild Behavior ::run [ RunTime:0.001000s ]
INFO: WriteHtmlCache Behavior ::run [ RunTime:0.001000s ]
INFO: ShowRuntime Behavior ::run [ RunTime:0.001000s ]
INFO: [ view_filter ] --END-- [ RunTime:0.009000s ]
INFO: [ view_end ] --START--
INFO: ShowPageTrace Behavior ::run [ RunTime:0.001000s ]
INFO: [ view_end ] --END-- [ RunTime:0.002000s ]

[ 2016-12-04T22:08:34+08:00 ] 127.0.0.1 /index.php?g=admin&m=member&a=index
INFO: [ app_begin ] --START--
INFO: ReadHtmlCache Behavior ::run [ RunTime:0.002000s ]
INFO: CheckLang Behavior ::run [ RunTime:0.003000s ]
INFO: [ app_begin ] --END-- [ RunTime:0.006000s ]
SQL: SHOW COLUMNS FROM `9f_admin` [ RunTime:0.005000s ]
SQL: SELECT * FROM `9f_admin` WHERE ( `userid` = 1 ) AND ( `username` = 'admin' ) LIMIT 1   [ RunTime:0.001000s ]
SQL: SHOW COLUMNS FROM `9f_member` [ RunTime:0.016001s ]
SQL: SELECT COUNT(*) AS tp_count FROM `9f_member` ORDER BY id desc LIMIT 1   [ RunTime:0.001001s ]
SQL: SELECT * FROM `9f_member` ORDER BY id desc LIMIT 0,20   [ RunTime:0.001000s ]
INFO: [ view_parse ] --START--
INFO: ParseTemplate Behavior ::run [ RunTime:0.035002s ]
INFO: [ view_parse ] --END-- [ RunTime:0.035002s ]
INFO: [ view_filter ] --START--
INFO: ContentReplace Behavior ::run [ RunTime:0.001000s ]
INFO: TokenBuild Behavior ::run [ RunTime:0.001000s ]
INFO: WriteHtmlCache Behavior ::run [ RunTime:0.001000s ]
INFO: ShowRuntime Behavior ::run [ RunTime:0.002000s ]
INFO: [ view_filter ] --END-- [ RunTime:0.008000s ]
INFO: [ view_end ] --START--
INFO: ShowPageTrace Behavior ::run [ RunTime:0.002000s ]
INFO: [ view_end ] --END-- [ RunTime:0.002000s ]

[ 2016-12-04T22:08:36+08:00 ] 127.0.0.1 /index.php?g=admin&m=setting&a=index&tag=1
INFO: [ app_begin ] --START--
INFO: ReadHtmlCache Behavior ::run [ RunTime:0.002000s ]
INFO: CheckLang Behavior ::run [ RunTime:0.003000s ]
INFO: [ app_begin ] --END-- [ RunTime:0.006000s ]
SQL: SHOW COLUMNS FROM `9f_admin` [ RunTime:0.005000s ]
SQL: SELECT * FROM `9f_admin` WHERE ( `userid` = 1 ) AND ( `username` = 'admin' ) LIMIT 1   [ RunTime:0.001000s ]
SQL: SHOW COLUMNS FROM `9f_webconfig` [ RunTime:0.005001s ]
SQL: SELECT * FROM `9f_webconfig` WHERE ( `vargroup` = 1 ) ORDER BY orderid desc,id asc  [ RunTime:0.001000s ]
INFO: [ view_parse ] --START--
NOTIC: [8] Undefined index: tab D:\wamp\www\goldcms\App\Runtime\Cache\Admin\97ce231397ced60bf6914a56bf286817.php 第 68 行.
INFO: ParseTemplate Behavior ::run [ RunTime:0.080005s ]
INFO: [ view_parse ] --END-- [ RunTime:0.080005s ]
INFO: [ view_filter ] --START--
INFO: ContentReplace Behavior ::run [ RunTime:0.002000s ]
INFO: TokenBuild Behavior ::run [ RunTime:0.002000s ]
INFO: WriteHtmlCache Behavior ::run [ RunTime:0.001000s ]
INFO: ShowRuntime Behavior ::run [ RunTime:0.002000s ]
INFO: [ view_filter ] --END-- [ RunTime:0.007000s ]
INFO: [ view_end ] --START--
INFO: ShowPageTrace Behavior ::run [ RunTime:0.001000s ]
INFO: [ view_end ] --END-- [ RunTime:0.002000s ]

[ 2016-12-04T22:08:37+08:00 ] 127.0.0.1 /index.php?g=admin&m=sort_iframe&a=menu
INFO: [ app_begin ] --START--
INFO: ReadHtmlCache Behavior ::run [ RunTime:0.002000s ]
INFO: CheckLang Behavior ::run [ RunTime:0.004000s ]
INFO: [ app_begin ] --END-- [ RunTime:0.006000s ]
SQL: SHOW COLUMNS FROM `9f_admin` [ RunTime:0.011001s ]
SQL: SELECT * FROM `9f_admin` WHERE ( `userid` = 1 ) AND ( `username` = 'admin' ) LIMIT 1   [ RunTime:0.001000s ]
INFO: [ view_parse ] --START--
INFO: ParseTemplate Behavior ::run [ RunTime:0.022002s ]
INFO: [ view_parse ] --END-- [ RunTime:0.023002s ]
INFO: [ view_filter ] --START--
INFO: ContentReplace Behavior ::run [ RunTime:0.001000s ]
INFO: TokenBuild Behavior ::run [ RunTime:0.002000s ]
INFO: WriteHtmlCache Behavior ::run [ RunTime:0.002000s ]
INFO: ShowRuntime Behavior ::run [ RunTime:0.002000s ]
INFO: [ view_filter ] --END-- [ RunTime:0.007000s ]
INFO: [ view_end ] --START--
INFO: ShowPageTrace Behavior ::run [ RunTime:0.002000s ]
INFO: [ view_end ] --END-- [ RunTime:0.002000s ]

[ 2016-12-04T22:08:37+08:00 ] 127.0.0.1 /index.php?g=admin&m=content&a=index
INFO: [ app_begin ] --START--
INFO: ReadHtmlCache Behavior ::run [ RunTime:0.002001s ]
INFO: CheckLang Behavior ::run [ RunTime:0.003000s ]
INFO: [ app_begin ] --END-- [ RunTime:0.007001s ]
SQL: SHOW COLUMNS FROM `9f_admin` [ RunTime:0.006001s ]
SQL: SELECT * FROM `9f_admin` WHERE ( `userid` = 1 ) AND ( `username` = 'admin' ) LIMIT 1   [ RunTime:0.001000s ]
SQL: SHOW COLUMNS FROM `9f_category` [ RunTime:0.014001s ]
SQL: SHOW COLUMNS FROM `9f_content` [ RunTime:0.006000s ]
NOTIC: [8] Undefined index: menuid D:\wamp\www\goldcms\App\Modules\Admin\Action\ContentAction.class.php 第 9 行.
SQL: SELECT * FROM `9f_category` WHERE ( `id` = 0 ) LIMIT 1   [ RunTime:0.001000s ]
INFO: [ view_parse ] --START--
NOTIC: [8] Undefined index: menuid D:\wamp\www\goldcms\App\Runtime\Cache\Admin\004582fabc90042ba6179f34af80d005.php 第 22 行.
NOTIC: [8] Undefined index: menuid D:\wamp\www\goldcms\App\Runtime\Cache\Admin\004582fabc90042ba6179f34af80d005.php 第 55 行.
INFO: ParseTemplate Behavior ::run [ RunTime:0.065004s ]
INFO: [ view_parse ] --END-- [ RunTime:0.065004s ]
INFO: [ view_filter ] --START--
INFO: ContentReplace Behavior ::run [ RunTime:0.002000s ]
INFO: TokenBuild Behavior ::run [ RunTime:0.002000s ]
INFO: WriteHtmlCache Behavior ::run [ RunTime:0.002000s ]
INFO: ShowRuntime Behavior ::run [ RunTime:0.003001s ]
INFO: [ view_filter ] --END-- [ RunTime:0.009001s ]
INFO: [ view_end ] --START--
INFO: ShowPageTrace Behavior ::run [ RunTime:0.003000s ]
INFO: [ view_end ] --END-- [ RunTime:0.003000s ]

[ 2016-12-04T22:08:37+08:00 ] 127.0.0.1 /index.php?g=admin&m=sort_iframe&a=menu_list
INFO: [ app_begin ] --START--
INFO: ReadHtmlCache Behavior ::run [ RunTime:0.002000s ]
INFO: CheckLang Behavior ::run [ RunTime:0.004000s ]
INFO: [ app_begin ] --END-- [ RunTime:0.007000s ]
SQL: SHOW COLUMNS FROM `9f_admin` [ RunTime:0.008000s ]
SQL: SELECT * FROM `9f_admin` WHERE ( `userid` = 1 ) AND ( `username` = 'admin' ) LIMIT 1   [ RunTime:0.010001s ]

[ 2016-12-04T22:08:39+08:00 ] 127.0.0.1 /index.php?g=admin&m=sort_iframe&a=menu
INFO: [ app_begin ] --START--
INFO: ReadHtmlCache Behavior ::run [ RunTime:0.002000s ]
INFO: CheckLang Behavior ::run [ RunTime:0.003000s ]
INFO: [ app_begin ] --END-- [ RunTime:0.006000s ]
SQL: SHOW COLUMNS FROM `9f_admin` [ RunTime:0.006000s ]
SQL: SELECT * FROM `9f_admin` WHERE ( `userid` = 1 ) AND ( `username` = 'admin' ) LIMIT 1   [ RunTime:0.001000s ]
INFO: [ view_parse ] --START--
INFO: ParseTemplate Behavior ::run [ RunTime:0.019001s ]
INFO: [ view_parse ] --END-- [ RunTime:0.019001s ]
INFO: [ view_filter ] --START--
INFO: ContentReplace Behavior ::run [ RunTime:0.002000s ]
INFO: TokenBuild Behavior ::run [ RunTime:0.001000s ]
INFO: WriteHtmlCache Behavior ::run [ RunTime:0.001000s ]
INFO: ShowRuntime Behavior ::run [ RunTime:0.001000s ]
INFO: [ view_filter ] --END-- [ RunTime:0.007000s ]
INFO: [ view_end ] --START--
INFO: ShowPageTrace Behavior ::run [ RunTime:0.002000s ]
INFO: [ view_end ] --END-- [ RunTime:0.002000s ]

[ 2016-12-04T22:08:40+08:00 ] 127.0.0.1 /index.php?g=admin&m=sort_iframe&a=menu_list
INFO: [ app_begin ] --START--
INFO: ReadHtmlCache Behavior ::run [ RunTime:0.003000s ]
INFO: CheckLang Behavior ::run [ RunTime:0.004000s ]
INFO: [ app_begin ] --END-- [ RunTime:0.007000s ]
SQL: SHOW COLUMNS FROM `9f_admin` [ RunTime:0.006000s ]
SQL: SELECT * FROM `9f_admin` WHERE ( `userid` = 1 ) AND ( `username` = 'admin' ) LIMIT 1   [ RunTime:0.001000s ]

[ 2016-12-04T22:08:40+08:00 ] 127.0.0.1 /index.php?g=admin&m=content&a=index
INFO: [ app_begin ] --START--
INFO: ReadHtmlCache Behavior ::run [ RunTime:0.003000s ]
INFO: CheckLang Behavior ::run [ RunTime:0.071004s ]
INFO: [ app_begin ] --END-- [ RunTime:0.075004s ]
SQL: SHOW COLUMNS FROM `9f_admin` [ RunTime:0.006001s ]
SQL: SELECT * FROM `9f_admin` WHERE ( `userid` = 1 ) AND ( `username` = 'admin' ) LIMIT 1   [ RunTime:0.001000s ]
SQL: SHOW COLUMNS FROM `9f_category` [ RunTime:0.008000s ]
SQL: SHOW COLUMNS FROM `9f_content` [ RunTime:0.007000s ]
NOTIC: [8] Undefined index: menuid D:\wamp\www\goldcms\App\Modules\Admin\Action\ContentAction.class.php 第 9 行.
SQL: SELECT * FROM `9f_category` WHERE ( `id` = 0 ) LIMIT 1   [ RunTime:0.003000s ]
INFO: [ view_parse ] --START--
NOTIC: [8] Undefined index: menuid D:\wamp\www\goldcms\App\Runtime\Cache\Admin\004582fabc90042ba6179f34af80d005.php 第 22 行.
NOTIC: [8] Undefined index: menuid D:\wamp\www\goldcms\App\Runtime\Cache\Admin\004582fabc90042ba6179f34af80d005.php 第 55 行.
INFO: ParseTemplate Behavior ::run [ RunTime:0.046003s ]
INFO: [ view_parse ] --END-- [ RunTime:0.047003s ]
INFO: [ view_filter ] --START--
INFO: ContentReplace Behavior ::run [ RunTime:0.002000s ]
INFO: TokenBuild Behavior ::run [ RunTime:0.001000s ]
INFO: WriteHtmlCache Behavior ::run [ RunTime:0.002001s ]
INFO: ShowRuntime Behavior ::run [ RunTime:0.002000s ]
INFO: [ view_filter ] --END-- [ RunTime:0.010001s ]
INFO: [ view_end ] --START--
INFO: ShowPageTrace Behavior ::run [ RunTime:0.002000s ]
INFO: [ view_end ] --END-- [ RunTime:0.002000s ]

[ 2016-12-04T22:08:40+08:00 ] 127.0.0.1 /index.php?g=admin&m=content&a=index&menuid=59
INFO: [ app_begin ] --START--
INFO: ReadHtmlCache Behavior ::run [ RunTime:0.002000s ]
INFO: CheckLang Behavior ::run [ RunTime:0.006001s ]
INFO: [ app_begin ] --END-- [ RunTime:0.009001s ]
SQL: SHOW COLUMNS FROM `9f_admin` [ RunTime:0.043003s ]
SQL: SELECT * FROM `9f_admin` WHERE ( `userid` = 1 ) AND ( `username` = 'admin' ) LIMIT 1   [ RunTime:0.001000s ]
SQL: SHOW COLUMNS FROM `9f_category` [ RunTime:0.004000s ]
SQL: SHOW COLUMNS FROM `9f_content` [ RunTime:0.007000s ]
SQL: SELECT * FROM `9f_category` WHERE ( `id` = 59 ) LIMIT 1   [ RunTime:0.001000s ]
SQL: SELECT COUNT(*) AS tp_count FROM `9f_content` WHERE ( `path` LIKE '%,59,%' ) ORDER BY id DESC LIMIT 1   [ RunTime:0.038002s ]
SQL: SELECT * FROM `9f_content` WHERE ( `path` LIKE '%,59,%' ) ORDER BY id desc LIMIT 0,20   [ RunTime:0.001000s ]
INFO: [ view_parse ] --START--
NOTIC: [8] Undefined index:  D:\wamp\www\goldcms\App\Runtime\Cache\Admin\004582fabc90042ba6179f34af80d005.php 第 114 行.
NOTIC: [8] Undefined index:  D:\wamp\www\goldcms\App\Runtime\Cache\Admin\004582fabc90042ba6179f34af80d005.php 第 114 行.
INFO: ParseTemplate Behavior ::run [ RunTime:0.050003s ]
INFO: [ view_parse ] --END-- [ RunTime:0.050003s ]
INFO: [ view_filter ] --START--
INFO: ContentReplace Behavior ::run [ RunTime:0.002000s ]
INFO: TokenBuild Behavior ::run [ RunTime:0.002000s ]
INFO: WriteHtmlCache Behavior ::run [ RunTime:0.001000s ]
INFO: ShowRuntime Behavior ::run [ RunTime:0.002000s ]
INFO: [ view_filter ] --END-- [ RunTime:0.008000s ]
INFO: [ view_end ] --START--
INFO: ShowPageTrace Behavior ::run [ RunTime:0.001000s ]
INFO: [ view_end ] --END-- [ RunTime:0.001000s ]

[ 2016-12-04T22:08:44+08:00 ] 127.0.0.1 /index.php?g=admin&m=content&a=index&menuid=60
INFO: [ app_begin ] --START--
INFO: ReadHtmlCache Behavior ::run [ RunTime:0.001000s ]
INFO: CheckLang Behavior ::run [ RunTime:0.003001s ]
INFO: [ app_begin ] --END-- [ RunTime:0.005001s ]
SQL: SHOW COLUMNS FROM `9f_admin` [ RunTime:0.005000s ]
SQL: SELECT * FROM `9f_admin` WHERE ( `userid` = 1 ) AND ( `username` = 'admin' ) LIMIT 1   [ RunTime:0.001000s ]
SQL: SHOW COLUMNS FROM `9f_category` [ RunTime:0.004001s ]
SQL: SHOW COLUMNS FROM `9f_content` [ RunTime:0.008000s ]
SQL: SELECT * FROM `9f_category` WHERE ( `id` = 60 ) LIMIT 1   [ RunTime:0.002000s ]
SQL: SELECT COUNT(*) AS tp_count FROM `9f_content` WHERE ( `path` LIKE '%,60,%' ) ORDER BY id DESC LIMIT 1   [ RunTime:0.001001s ]
SQL: SELECT * FROM `9f_content` WHERE ( `path` LIKE '%,60,%' ) ORDER BY id desc LIMIT 0,20   [ RunTime:0.003000s ]
INFO: [ view_parse ] --START--
NOTIC: [8] Undefined index:  D:\wamp\www\goldcms\App\Runtime\Cache\Admin\004582fabc90042ba6179f34af80d005.php 第 114 行.
INFO: ParseTemplate Behavior ::run [ RunTime:0.044002s ]
INFO: [ view_parse ] --END-- [ RunTime:0.045003s ]
INFO: [ view_filter ] --START--
INFO: ContentReplace Behavior ::run [ RunTime:0.002000s ]
INFO: TokenBuild Behavior ::run [ RunTime:0.001000s ]
INFO: WriteHtmlCache Behavior ::run [ RunTime:0.001000s ]
INFO: ShowRuntime Behavior ::run [ RunTime:0.002000s ]
INFO: [ view_filter ] --END-- [ RunTime:0.007000s ]
INFO: [ view_end ] --START--
INFO: ShowPageTrace Behavior ::run [ RunTime:0.002000s ]
INFO: [ view_end ] --END-- [ RunTime:0.002000s ]

[ 2016-12-04T22:08:47+08:00 ] 127.0.0.1 /index.php?g=admin&m=content&a=edit&menuid=56
INFO: [ app_begin ] --START--
INFO: ReadHtmlCache Behavior ::run [ RunTime:0.001000s ]
INFO: CheckLang Behavior ::run [ RunTime:0.004000s ]
INFO: [ app_begin ] --END-- [ RunTime:0.005000s ]
SQL: SHOW COLUMNS FROM `9f_admin` [ RunTime:0.005000s ]
SQL: SELECT * FROM `9f_admin` WHERE ( `userid` = 1 ) AND ( `username` = 'admin' ) LIMIT 1   [ RunTime:0.002000s ]
SQL: SHOW COLUMNS FROM `9f_category` [ RunTime:0.006001s ]
SQL: SELECT * FROM `9f_category` WHERE ( `id` = 56 ) LIMIT 1   [ RunTime:0.001000s ]
INFO: [ view_parse ] --START--
NOTIC: [8] Use of undefined constant cfg_max_file_size - assumed 'cfg_max_file_size' D:\wamp\www\goldcms\App\Runtime\Cache\Admin\94ca004fa4c18fa5bf39fb9eecee1099.php 第 71 行.
INFO: ParseTemplate Behavior ::run [ RunTime:0.056003s ]
INFO: [ view_parse ] --END-- [ RunTime:0.057003s ]
INFO: [ view_filter ] --START--
INFO: ContentReplace Behavior ::run [ RunTime:0.001000s ]
INFO: TokenBuild Behavior ::run [ RunTime:0.001000s ]
INFO: WriteHtmlCache Behavior ::run [ RunTime:0.001000s ]
INFO: ShowRuntime Behavior ::run [ RunTime:0.002001s ]
INFO: [ view_filter ] --END-- [ RunTime:0.006001s ]
INFO: [ view_end ] --START--
INFO: ShowPageTrace Behavior ::run [ RunTime:0.001000s ]
INFO: [ view_end ] --END-- [ RunTime:0.001000s ]

[ 2016-12-04T22:08:49+08:00 ] 127.0.0.1 /index.php?g=admin&m=content&a=index&menuid=59
INFO: [ app_begin ] --START--
INFO: ReadHtmlCache Behavior ::run [ RunTime:0.002000s ]
INFO: CheckLang Behavior ::run [ RunTime:0.003000s ]
INFO: [ app_begin ] --END-- [ RunTime:0.006000s ]
SQL: SHOW COLUMNS FROM `9f_admin` [ RunTime:0.005000s ]
SQL: SELECT * FROM `9f_admin` WHERE ( `userid` = 1 ) AND ( `username` = 'admin' ) LIMIT 1   [ RunTime:0.000000s ]
SQL: SHOW COLUMNS FROM `9f_category` [ RunTime:0.005000s ]
SQL: SHOW COLUMNS FROM `9f_content` [ RunTime:0.005000s ]
SQL: SELECT * FROM `9f_category` WHERE ( `id` = 59 ) LIMIT 1   [ RunTime:0.001000s ]
SQL: SELECT COUNT(*) AS tp_count FROM `9f_content` WHERE ( `path` LIKE '%,59,%' ) ORDER BY id DESC LIMIT 1   [ RunTime:0.001000s ]
SQL: SELECT * FROM `9f_content` WHERE ( `path` LIKE '%,59,%' ) ORDER BY id desc LIMIT 0,20   [ RunTime:0.001000s ]
INFO: [ view_parse ] --START--
NOTIC: [8] Undefined index:  D:\wamp\www\goldcms\App\Runtime\Cache\Admin\004582fabc90042ba6179f34af80d005.php 第 114 行.
NOTIC: [8] Undefined index:  D:\wamp\www\goldcms\App\Runtime\Cache\Admin\004582fabc90042ba6179f34af80d005.php 第 114 行.
INFO: ParseTemplate Behavior ::run [ RunTime:0.057003s ]
INFO: [ view_parse ] --END-- [ RunTime:0.058003s ]
INFO: [ view_filter ] --START--
INFO: ContentReplace Behavior ::run [ RunTime:0.002001s ]
INFO: TokenBuild Behavior ::run [ RunTime:0.002000s ]
INFO: WriteHtmlCache Behavior ::run [ RunTime:0.002000s ]
INFO: ShowRuntime Behavior ::run [ RunTime:0.005000s ]
INFO: [ view_filter ] --END-- [ RunTime:0.012001s ]
INFO: [ view_end ] --START--
INFO: ShowPageTrace Behavior ::run [ RunTime:0.004001s ]
INFO: [ view_end ] --END-- [ RunTime:0.006001s ]

[ 2016-12-04T22:08:50+08:00 ] 127.0.0.1 /index.php?g=admin&m=content&a=index&menuid=60
INFO: [ app_begin ] --START--
INFO: ReadHtmlCache Behavior ::run [ RunTime:0.001000s ]
INFO: CheckLang Behavior ::run [ RunTime:0.003000s ]
INFO: [ app_begin ] --END-- [ RunTime:0.005000s ]
SQL: SHOW COLUMNS FROM `9f_admin` [ RunTime:0.005001s ]
SQL: SELECT * FROM `9f_admin` WHERE ( `userid` = 1 ) AND ( `username` = 'admin' ) LIMIT 1   [ RunTime:0.001000s ]
SQL: SHOW COLUMNS FROM `9f_category` [ RunTime:0.005000s ]
SQL: SHOW COLUMNS FROM `9f_content` [ RunTime:0.005000s ]
SQL: SELECT * FROM `9f_category` WHERE ( `id` = 60 ) LIMIT 1   [ RunTime:0.001000s ]
SQL: SELECT COUNT(*) AS tp_count FROM `9f_content` WHERE ( `path` LIKE '%,60,%' ) ORDER BY id DESC LIMIT 1   [ RunTime:0.000000s ]
SQL: SELECT * FROM `9f_content` WHERE ( `path` LIKE '%,60,%' ) ORDER BY id desc LIMIT 0,20   [ RunTime:0.001000s ]
INFO: [ view_parse ] --START--
NOTIC: [8] Undefined index:  D:\wamp\www\goldcms\App\Runtime\Cache\Admin\004582fabc90042ba6179f34af80d005.php 第 114 行.
INFO: ParseTemplate Behavior ::run [ RunTime:0.048003s ]
INFO: [ view_parse ] --END-- [ RunTime:0.049003s ]
INFO: [ view_filter ] --START--
INFO: ContentReplace Behavior ::run [ RunTime:0.001000s ]
INFO: TokenBuild Behavior ::run [ RunTime:0.001000s ]
INFO: WriteHtmlCache Behavior ::run [ RunTime:0.001000s ]
INFO: ShowRuntime Behavior ::run [ RunTime:0.002001s ]
INFO: [ view_filter ] --END-- [ RunTime:0.006001s ]
INFO: [ view_end ] --START--
INFO: ShowPageTrace Behavior ::run [ RunTime:0.001000s ]
INFO: [ view_end ] --END-- [ RunTime:0.002000s ]

[ 2016-12-04T22:25:11+08:00 ] 127.0.0.1 /index.php?g=admin&m=content&a=edit&menuid=52
INFO: [ app_begin ] --START--
INFO: ReadHtmlCache Behavior ::run [ RunTime:0.003001s ]
INFO: CheckLang Behavior ::run [ RunTime:0.004000s ]
INFO: [ app_begin ] --END-- [ RunTime:0.007001s ]
SQL: SHOW COLUMNS FROM `9f_admin` [ RunTime:0.016001s ]
SQL: SELECT * FROM `9f_admin` WHERE ( `userid` = 1 ) AND ( `username` = 'admin' ) LIMIT 1   [ RunTime:0.001000s ]
SQL: SHOW COLUMNS FROM `9f_category` [ RunTime:0.006000s ]
SQL: SELECT * FROM `9f_category` WHERE ( `id` = 52 ) LIMIT 1   [ RunTime:0.001000s ]
INFO: [ view_parse ] --START--
NOTIC: [8] Use of undefined constant cfg_max_file_size - assumed 'cfg_max_file_size' D:\wamp\www\goldcms\App\Runtime\Cache\Admin\94ca004fa4c18fa5bf39fb9eecee1099.php 第 71 行.
INFO: ParseTemplate Behavior ::run [ RunTime:0.058003s ]
INFO: [ view_parse ] --END-- [ RunTime:0.058003s ]
INFO: [ view_filter ] --START--
INFO: ContentReplace Behavior ::run [ RunTime:0.002000s ]
INFO: TokenBuild Behavior ::run [ RunTime:0.001000s ]
INFO: WriteHtmlCache Behavior ::run [ RunTime:0.001000s ]
INFO: ShowRuntime Behavior ::run [ RunTime:0.001000s ]
INFO: [ view_filter ] --END-- [ RunTime:0.006000s ]
INFO: [ view_end ] --START--
INFO: ShowPageTrace Behavior ::run [ RunTime:0.002000s ]
INFO: [ view_end ] --END-- [ RunTime:0.002000s ]

[ 2016-12-04T22:25:12+08:00 ] 127.0.0.1 /index.php?g=admin&m=content&a=edit&menuid=53
INFO: [ app_begin ] --START--
INFO: ReadHtmlCache Behavior ::run [ RunTime:0.002000s ]
INFO: CheckLang Behavior ::run [ RunTime:0.003000s ]
INFO: [ app_begin ] --END-- [ RunTime:0.005000s ]
SQL: SHOW COLUMNS FROM `9f_admin` [ RunTime:0.023001s ]
SQL: SELECT * FROM `9f_admin` WHERE ( `userid` = 1 ) AND ( `username` = 'admin' ) LIMIT 1   [ RunTime:0.001000s ]
SQL: SHOW COLUMNS FROM `9f_category` [ RunTime:0.008000s ]
SQL: SELECT * FROM `9f_category` WHERE ( `id` = 53 ) LIMIT 1   [ RunTime:0.000000s ]
INFO: [ view_parse ] --START--
NOTIC: [8] Use of undefined constant cfg_max_file_size - assumed 'cfg_max_file_size' D:\wamp\www\goldcms\App\Runtime\Cache\Admin\94ca004fa4c18fa5bf39fb9eecee1099.php 第 71 行.
INFO: ParseTemplate Behavior ::run [ RunTime:0.051003s ]
INFO: [ view_parse ] --END-- [ RunTime:0.051003s ]
INFO: [ view_filter ] --START--
INFO: ContentReplace Behavior ::run [ RunTime:0.001000s ]
INFO: TokenBuild Behavior ::run [ RunTime:0.001000s ]
INFO: WriteHtmlCache Behavior ::run [ RunTime:0.001000s ]
INFO: ShowRuntime Behavior ::run [ RunTime:0.002000s ]
INFO: [ view_filter ] --END-- [ RunTime:0.006001s ]
INFO: [ view_end ] --START--
INFO: ShowPageTrace Behavior ::run [ RunTime:0.001000s ]
INFO: [ view_end ] --END-- [ RunTime:0.002000s ]

[ 2016-12-04T22:25:14+08:00 ] 127.0.0.1 /index.php?g=admin&m=content&a=edit&menuid=57
INFO: [ app_begin ] --START--
INFO: ReadHtmlCache Behavior ::run [ RunTime:0.002000s ]
INFO: CheckLang Behavior ::run [ RunTime:0.007001s ]
INFO: [ app_begin ] --END-- [ RunTime:0.010001s ]
SQL: SHOW COLUMNS FROM `9f_admin` [ RunTime:0.008001s ]
SQL: SELECT * FROM `9f_admin` WHERE ( `userid` = 1 ) AND ( `username` = 'admin' ) LIMIT 1   [ RunTime:0.002000s ]
SQL: SHOW COLUMNS FROM `9f_category` [ RunTime:0.007000s ]
SQL: SELECT * FROM `9f_category` WHERE ( `id` = 57 ) LIMIT 1   [ RunTime:0.002000s ]
INFO: [ view_parse ] --START--
NOTIC: [8] Use of undefined constant cfg_max_file_size - assumed 'cfg_max_file_size' D:\wamp\www\goldcms\App\Runtime\Cache\Admin\94ca004fa4c18fa5bf39fb9eecee1099.php 第 71 行.
INFO: ParseTemplate Behavior ::run [ RunTime:0.060003s ]
INFO: [ view_parse ] --END-- [ RunTime:0.061003s ]
INFO: [ view_filter ] --START--
INFO: ContentReplace Behavior ::run [ RunTime:0.004001s ]
INFO: TokenBuild Behavior ::run [ RunTime:0.001000s ]
INFO: WriteHtmlCache Behavior ::run [ RunTime:0.002000s ]
INFO: ShowRuntime Behavior ::run [ RunTime:0.003000s ]
INFO: [ view_filter ] --END-- [ RunTime:0.011001s ]
INFO: [ view_end ] --START--
INFO: ShowPageTrace Behavior ::run [ RunTime:0.002000s ]
INFO: [ view_end ] --END-- [ RunTime:0.003000s ]

[ 2016-12-04T22:25:14+08:00 ] 127.0.0.1 /index.php?g=admin&m=content&a=index&menuid=59
INFO: [ app_begin ] --START--
INFO: ReadHtmlCache Behavior ::run [ RunTime:0.002001s ]
INFO: CheckLang Behavior ::run [ RunTime:0.004000s ]
INFO: [ app_begin ] --END-- [ RunTime:0.006001s ]
SQL: SHOW COLUMNS FROM `9f_admin` [ RunTime:0.006000s ]
SQL: SELECT * FROM `9f_admin` WHERE ( `userid` = 1 ) AND ( `username` = 'admin' ) LIMIT 1   [ RunTime:0.002000s ]
SQL: SHOW COLUMNS FROM `9f_category` [ RunTime:0.004001s ]
SQL: SHOW COLUMNS FROM `9f_content` [ RunTime:0.005000s ]
SQL: SELECT * FROM `9f_category` WHERE ( `id` = 59 ) LIMIT 1   [ RunTime:0.001000s ]
SQL: SELECT COUNT(*) AS tp_count FROM `9f_content` WHERE ( `path` LIKE '%,59,%' ) ORDER BY id DESC LIMIT 1   [ RunTime:0.001000s ]
SQL: SELECT * FROM `9f_content` WHERE ( `path` LIKE '%,59,%' ) ORDER BY id desc LIMIT 0,20   [ RunTime:0.001000s ]
INFO: [ view_parse ] --START--
NOTIC: [8] Undefined index:  D:\wamp\www\goldcms\App\Runtime\Cache\Admin\004582fabc90042ba6179f34af80d005.php 第 114 行.
NOTIC: [8] Undefined index:  D:\wamp\www\goldcms\App\Runtime\Cache\Admin\004582fabc90042ba6179f34af80d005.php 第 114 行.
INFO: ParseTemplate Behavior ::run [ RunTime:0.047003s ]
INFO: [ view_parse ] --END-- [ RunTime:0.048003s ]
INFO: [ view_filter ] --START--
INFO: ContentReplace Behavior ::run [ RunTime:0.002000s ]
INFO: TokenBuild Behavior ::run [ RunTime:0.001000s ]
INFO: WriteHtmlCache Behavior ::run [ RunTime:0.002000s ]
INFO: ShowRuntime Behavior ::run [ RunTime:0.002000s ]
INFO: [ view_filter ] --END-- [ RunTime:0.007000s ]
INFO: [ view_end ] --START--
INFO: ShowPageTrace Behavior ::run [ RunTime:0.002000s ]
INFO: [ view_end ] --END-- [ RunTime:0.002000s ]

[ 2016-12-04T22:25:15+08:00 ] 127.0.0.1 /index.php?g=admin&m=content&a=index&menuid=60
INFO: [ app_begin ] --START--
INFO: ReadHtmlCache Behavior ::run [ RunTime:0.002000s ]
INFO: CheckLang Behavior ::run [ RunTime:0.005000s ]
INFO: [ app_begin ] --END-- [ RunTime:0.008001s ]
SQL: SHOW COLUMNS FROM `9f_admin` [ RunTime:0.008001s ]
SQL: SELECT * FROM `9f_admin` WHERE ( `userid` = 1 ) AND ( `username` = 'admin' ) LIMIT 1   [ RunTime:0.001000s ]
SQL: SHOW COLUMNS FROM `9f_category` [ RunTime:0.006000s ]
SQL: SHOW COLUMNS FROM `9f_content` [ RunTime:0.009000s ]
SQL: SELECT * FROM `9f_category` WHERE ( `id` = 60 ) LIMIT 1   [ RunTime:0.001000s ]
SQL: SELECT COUNT(*) AS tp_count FROM `9f_content` WHERE ( `path` LIKE '%,60,%' ) ORDER BY id DESC LIMIT 1   [ RunTime:0.000000s ]
SQL: SELECT * FROM `9f_content` WHERE ( `path` LIKE '%,60,%' ) ORDER BY id desc LIMIT 0,20   [ RunTime:0.001001s ]
INFO: [ view_parse ] --START--
NOTIC: [8] Undefined index:  D:\wamp\www\goldcms\App\Runtime\Cache\Admin\004582fabc90042ba6179f34af80d005.php 第 114 行.
INFO: ParseTemplate Behavior ::run [ RunTime:0.041002s ]
INFO: [ view_parse ] --END-- [ RunTime:0.042002s ]
INFO: [ view_filter ] --START--
INFO: ContentReplace Behavior ::run [ RunTime:0.001000s ]
INFO: TokenBuild Behavior ::run [ RunTime:0.001000s ]
INFO: WriteHtmlCache Behavior ::run [ RunTime:0.001000s ]
INFO: ShowRuntime Behavior ::run [ RunTime:0.002000s ]
INFO: [ view_filter ] --END-- [ RunTime:0.007001s ]
INFO: [ view_end ] --START--
INFO: ShowPageTrace Behavior ::run [ RunTime:0.002000s ]
INFO: [ view_end ] --END-- [ RunTime:0.003000s ]

[ 2016-12-04T22:25:17+08:00 ] 127.0.0.1 /index.php?g=admin&m=content&a=index&menuid=59
INFO: [ app_begin ] --START--
INFO: ReadHtmlCache Behavior ::run [ RunTime:0.003000s ]
INFO: CheckLang Behavior ::run [ RunTime:0.003000s ]
INFO: [ app_begin ] --END-- [ RunTime:0.008000s ]
SQL: SHOW COLUMNS FROM `9f_admin` [ RunTime:0.006001s ]
SQL: SELECT * FROM `9f_admin` WHERE ( `userid` = 1 ) AND ( `username` = 'admin' ) LIMIT 1   [ RunTime:0.003000s ]
SQL: SHOW COLUMNS FROM `9f_category` [ RunTime:0.005000s ]
SQL: SHOW COLUMNS FROM `9f_content` [ RunTime:0.005000s ]
SQL: SELECT * FROM `9f_category` WHERE ( `id` = 59 ) LIMIT 1   [ RunTime:0.002000s ]
SQL: SELECT COUNT(*) AS tp_count FROM `9f_content` WHERE ( `path` LIKE '%,59,%' ) ORDER BY id DESC LIMIT 1   [ RunTime:0.001000s ]
SQL: SELECT * FROM `9f_content` WHERE ( `path` LIKE '%,59,%' ) ORDER BY id desc LIMIT 0,20   [ RunTime:0.001000s ]
INFO: [ view_parse ] --START--
NOTIC: [8] Undefined index:  D:\wamp\www\goldcms\App\Runtime\Cache\Admin\004582fabc90042ba6179f34af80d005.php 第 114 行.
NOTIC: [8] Undefined index:  D:\wamp\www\goldcms\App\Runtime\Cache\Admin\004582fabc90042ba6179f34af80d005.php 第 114 行.
INFO: ParseTemplate Behavior ::run [ RunTime:0.046002s ]
INFO: [ view_parse ] --END-- [ RunTime:0.046002s ]
INFO: [ view_filter ] --START--
INFO: ContentReplace Behavior ::run [ RunTime:0.002000s ]
INFO: TokenBuild Behavior ::run [ RunTime:0.001000s ]
INFO: WriteHtmlCache Behavior ::run [ RunTime:0.001001s ]
INFO: ShowRuntime Behavior ::run [ RunTime:0.002000s ]
INFO: [ view_filter ] --END-- [ RunTime:0.007001s ]
INFO: [ view_end ] --START--
INFO: ShowPageTrace Behavior ::run [ RunTime:0.002000s ]
INFO: [ view_end ] --END-- [ RunTime:0.003000s ]

[ 2016-12-04T22:25:36+08:00 ] 127.0.0.1 /index.php
INFO: [ app_begin ] --START--
INFO: ReadHtmlCache Behavior ::run [ RunTime:0.002000s ]
INFO: CheckLang Behavior ::run [ RunTime:0.004001s ]
INFO: [ app_begin ] --END-- [ RunTime:0.007001s ]
NOTIC: [8] A session had already been started - ignoring session_start() D:\wamp\www\goldcms\App\ThinkPHP\Common\functions.php 第 566 行.
SQL: SHOW COLUMNS FROM `9f_ip` [ RunTime:0.004000s ]
SQL: SELECT `content` FROM `9f_ip` LIMIT 1   [ RunTime:0.001000s ]
INFO: [ view_parse ] --START--
INFO: ParseTemplate Behavior ::run [ RunTime:0.021001s ]
INFO: [ view_parse ] --END-- [ RunTime:0.021001s ]
INFO: [ view_filter ] --START--
INFO: ContentReplace Behavior ::run [ RunTime:0.001000s ]
INFO: TokenBuild Behavior ::run [ RunTime:0.001000s ]
INFO: WriteHtmlCache Behavior ::run [ RunTime:0.001000s ]
INFO: ShowRuntime Behavior ::run [ RunTime:0.002000s ]
INFO: [ view_filter ] --END-- [ RunTime:0.006001s ]
INFO: [ view_end ] --START--
INFO: ShowPageTrace Behavior ::run [ RunTime:0.001000s ]
INFO: [ view_end ] --END-- [ RunTime:0.001000s ]

[ 2016-12-04T22:26:09+08:00 ] 127.0.0.1 /index.php?m=index&a=catalog
INFO: [ app_begin ] --START--
INFO: ReadHtmlCache Behavior ::run [ RunTime:0.001000s ]
INFO: CheckLang Behavior ::run [ RunTime:0.005000s ]
INFO: [ app_begin ] --END-- [ RunTime:0.007000s ]
NOTIC: [8] A session had already been started - ignoring session_start() D:\wamp\www\goldcms\App\ThinkPHP\Common\functions.php 第 566 行.
SQL: SHOW COLUMNS FROM `9f_ip` [ RunTime:0.004000s ]
SQL: SELECT `content` FROM `9f_ip` LIMIT 1   [ RunTime:0.001000s ]
INFO: [ view_parse ] --START--
INFO: ParseTemplate Behavior ::run [ RunTime:0.022001s ]
INFO: [ view_parse ] --END-- [ RunTime:0.022001s ]
INFO: [ view_filter ] --START--
INFO: ContentReplace Behavior ::run [ RunTime:0.002000s ]
INFO: TokenBuild Behavior ::run [ RunTime:0.001000s ]
INFO: WriteHtmlCache Behavior ::run [ RunTime:0.001000s ]
INFO: ShowRuntime Behavior ::run [ RunTime:0.001000s ]
INFO: [ view_filter ] --END-- [ RunTime:0.007000s ]
INFO: [ view_end ] --START--
INFO: ShowPageTrace Behavior ::run [ RunTime:0.001000s ]
INFO: [ view_end ] --END-- [ RunTime:0.002000s ]

[ 2016-12-04T22:26:17+08:00 ] 127.0.0.1 /index.php?m=index&a=products
INFO: [ app_begin ] --START--
INFO: ReadHtmlCache Behavior ::run [ RunTime:0.001000s ]
INFO: CheckLang Behavior ::run [ RunTime:0.003000s ]
INFO: [ app_begin ] --END-- [ RunTime:0.005000s ]
NOTIC: [8] A session had already been started - ignoring session_start() D:\wamp\www\goldcms\App\ThinkPHP\Common\functions.php 第 566 行.
SQL: SHOW COLUMNS FROM `9f_ip` [ RunTime:0.052003s ]
SQL: SELECT `content` FROM `9f_ip` LIMIT 1   [ RunTime:0.000000s ]
INFO: [ view_parse ] --START--
INFO: ParseTemplate Behavior ::run [ RunTime:0.026002s ]
INFO: [ view_parse ] --END-- [ RunTime:0.027002s ]
INFO: [ view_filter ] --START--
INFO: ContentReplace Behavior ::run [ RunTime:0.002000s ]
INFO: TokenBuild Behavior ::run [ RunTime:0.002000s ]
INFO: WriteHtmlCache Behavior ::run [ RunTime:0.002000s ]
INFO: ShowRuntime Behavior ::run [ RunTime:0.003000s ]
INFO: [ view_filter ] --END-- [ RunTime:0.009000s ]
INFO: [ view_end ] --START--
INFO: ShowPageTrace Behavior ::run [ RunTime:0.002001s ]
INFO: [ view_end ] --END-- [ RunTime:0.002001s ]

[ 2016-12-04T22:26:19+08:00 ] 127.0.0.1 /index.php?m=index&a=news
INFO: [ app_begin ] --START--
INFO: ReadHtmlCache Behavior ::run [ RunTime:0.002000s ]
INFO: CheckLang Behavior ::run [ RunTime:0.004001s ]
INFO: [ app_begin ] --END-- [ RunTime:0.007001s ]
NOTIC: [8] A session had already been started - ignoring session_start() D:\wamp\www\goldcms\App\ThinkPHP\Common\functions.php 第 566 行.
SQL: SHOW COLUMNS FROM `9f_ip` [ RunTime:0.008000s ]
SQL: SELECT `content` FROM `9f_ip` LIMIT 1   [ RunTime:0.004000s ]
INFO: [ view_parse ] --START--
INFO: ParseTemplate Behavior ::run [ RunTime:0.032001s ]
INFO: [ view_parse ] --END-- [ RunTime:0.032001s ]
INFO: [ view_filter ] --START--
INFO: ContentReplace Behavior ::run [ RunTime:0.002000s ]
INFO: TokenBuild Behavior ::run [ RunTime:0.001000s ]
INFO: WriteHtmlCache Behavior ::run [ RunTime:0.004000s ]
INFO: ShowRuntime Behavior ::run [ RunTime:0.003000s ]
INFO: [ view_filter ] --END-- [ RunTime:0.011001s ]
INFO: [ view_end ] --START--
INFO: ShowPageTrace Behavior ::run [ RunTime:0.001000s ]
INFO: [ view_end ] --END-- [ RunTime:0.003000s ]

[ 2016-12-04T22:26:28+08:00 ] 127.0.0.1 /index.php?m=product&a=sanitary
INFO: [ app_begin ] --START--
INFO: ReadHtmlCache Behavior ::run [ RunTime:0.002000s ]
INFO: CheckLang Behavior ::run [ RunTime:0.003000s ]
INFO: [ app_begin ] --END-- [ RunTime:0.005000s ]
NOTIC: [8] A session had already been started - ignoring session_start() D:\wamp\www\goldcms\App\ThinkPHP\Common\functions.php 第 566 行.
SQL: SHOW COLUMNS FROM `9f_ip` [ RunTime:0.006000s ]
SQL: SELECT `content` FROM `9f_ip` LIMIT 1   [ RunTime:0.000000s ]
INFO: [ view_parse ] --START--
INFO: ParseTemplate Behavior ::run [ RunTime:0.021001s ]
INFO: [ view_parse ] --END-- [ RunTime:0.021001s ]
INFO: [ view_filter ] --START--
INFO: ContentReplace Behavior ::run [ RunTime:0.002001s ]
INFO: TokenBuild Behavior ::run [ RunTime:0.001000s ]
INFO: WriteHtmlCache Behavior ::run [ RunTime:0.001000s ]
INFO: ShowRuntime Behavior ::run [ RunTime:0.002000s ]
INFO: [ view_filter ] --END-- [ RunTime:0.007001s ]
INFO: [ view_end ] --START--
INFO: ShowPageTrace Behavior ::run [ RunTime:0.001000s ]
INFO: [ view_end ] --END-- [ RunTime:0.002000s ]

[ 2016-12-04T22:26:29+08:00 ] 127.0.0.1 /index.php?m=product&a=ceramics
INFO: [ app_begin ] --START--
INFO: ReadHtmlCache Behavior ::run [ RunTime:0.002000s ]
INFO: CheckLang Behavior ::run [ RunTime:0.003000s ]
INFO: [ app_begin ] --END-- [ RunTime:0.005000s ]
NOTIC: [8] A session had already been started - ignoring session_start() D:\wamp\www\goldcms\App\ThinkPHP\Common\functions.php 第 566 行.
SQL: SHOW COLUMNS FROM `9f_ip` [ RunTime:0.021001s ]
SQL: SELECT `content` FROM `9f_ip` LIMIT 1   [ RunTime:0.001000s ]
INFO: [ view_parse ] --START--
INFO: ParseTemplate Behavior ::run [ RunTime:0.022002s ]
INFO: [ view_parse ] --END-- [ RunTime:0.022002s ]
INFO: [ view_filter ] --START--
INFO: ContentReplace Behavior ::run [ RunTime:0.001000s ]
INFO: TokenBuild Behavior ::run [ RunTime:0.002000s ]
INFO: WriteHtmlCache Behavior ::run [ RunTime:0.001000s ]
INFO: ShowRuntime Behavior ::run [ RunTime:0.001000s ]
INFO: [ view_filter ] --END-- [ RunTime:0.007000s ]
INFO: [ view_end ] --START--
INFO: ShowPageTrace Behavior ::run [ RunTime:0.002000s ]
INFO: [ view_end ] --END-- [ RunTime:0.002000s ]

