[ 2016-12-03T11:28:12+08:00 ] 127.0.0.1 /
INFO: [ app_begin ] --START--
INFO: ReadHtmlCache Behavior ::run [ RunTime:0.002000s ]
INFO: CheckLang Behavior ::run [ RunTime:0.005000s ]
INFO: [ app_begin ] --END-- [ RunTime:0.009000s ]
NOTIC: [8] A session had already been started - ignoring session_start() D:\wamp\www\goldcms\App\ThinkPHP\Common\functions.php 第 566 行.
SQL: SHOW COLUMNS FROM `9f_ip` [ RunTime:0.037002s ]
SQL: SELECT `content` FROM `9f_ip` LIMIT 1   [ RunTime:0.000000s ]

[ 2016-12-03T11:28:12+08:00 ] 127.0.0.1 /index.php?m=index&a=cn
INFO: [ app_begin ] --START--
INFO: ReadHtmlCache Behavior ::run [ RunTime:0.002000s ]
INFO: CheckLang Behavior ::run [ RunTime:0.004000s ]
INFO: [ app_begin ] --END-- [ RunTime:0.006000s ]
NOTIC: [8] A session had already been started - ignoring session_start() D:\wamp\www\goldcms\App\ThinkPHP\Common\functions.php 第 566 行.
SQL: SHOW COLUMNS FROM `9f_ip` [ RunTime:0.004000s ]
SQL: SELECT `content` FROM `9f_ip` LIMIT 1   [ RunTime:0.000000s ]
INFO: [ view_parse ] --START--
NOTIC: [2] Missing argument 1 for getSeo(), called in D:\wamp\www\goldcms\App\Runtime\Cache\Home\593920d9a2e44dfdae3ab21c9d5141a9.php on line 5 and defined D:\wamp\www\goldcms\App\Modules\Home\Common\function.php 第 95 行.
SQL: SHOW COLUMNS FROM `9f_category` [ RunTime:0.021001s ]
SQL: SHOW COLUMNS FROM `9f_content` [ RunTime:0.010000s ]
NOTIC: [8] Undefined variable: id D:\wamp\www\goldcms\App\Modules\Home\Common\function.php 第 121 行.
SQL: SELECT * FROM `9f_category` WHERE ( `id` = null ) LIMIT 1   [ RunTime:0.001000s ]
SQL: SELECT * FROM `9f_category` WHERE ( pid=13 and checkinfo=0 ) ORDER BY orderid asc,id asc LIMIT 4   [ RunTime:0.001000s ]
NOTIC: [8] Undefined variable: i D:\wamp\www\goldcms\App\Runtime\Cache\Home\593920d9a2e44dfdae3ab21c9d5141a9.php 第 107 行.
SQL: SELECT * FROM `9f_category` WHERE ( pid=38 and checkinfo=0 ) ORDER BY orderid asc,id asc LIMIT 4   [ RunTime:0.001000s ]
SQL: SELECT * FROM `9f_category` WHERE ( pid=39 and checkinfo=0 ) ORDER BY orderid asc,id asc LIMIT 4   [ RunTime:0.002000s ]
SQL: SELECT * FROM `9f_category` WHERE ( pid=40 and checkinfo=0 ) ORDER BY orderid asc,id asc LIMIT 4   [ RunTime:0.001000s ]
SQL: SELECT * FROM `9f_category` WHERE ( pid=41 and checkinfo=0 ) ORDER BY orderid asc,id asc LIMIT 4   [ RunTime:0.001000s ]
SQL: SELECT * FROM `9f_content` WHERE ( instr(path,'0,13,')>0 and instr(flag,'h')>0 and checkinfo=0 ) ORDER BY orderid desc,id desc LIMIT 12   [ RunTime:0.037002s ]
SQL: SELECT `title`,`id`,`posttime` FROM `9f_content` WHERE ( instr(path,'0,12,')>0 and checkinfo=0 ) ORDER BY orderid desc,id desc LIMIT 3   [ RunTime:0.000000s ]
INFO: ParseTemplate Behavior ::run [ RunTime:0.225013s ]
INFO: [ view_parse ] --END-- [ RunTime:0.226013s ]
INFO: [ view_filter ] --START--
INFO: ContentReplace Behavior ::run [ RunTime:0.002000s ]
INFO: TokenBuild Behavior ::run [ RunTime:0.002000s ]
INFO: WriteHtmlCache Behavior ::run [ RunTime:0.002000s ]
INFO: ShowRuntime Behavior ::run [ RunTime:0.002000s ]
INFO: [ view_filter ] --END-- [ RunTime:0.009000s ]
INFO: [ view_end ] --START--
INFO: ShowPageTrace Behavior ::run [ RunTime:0.003000s ]
INFO: [ view_end ] --END-- [ RunTime:0.003000s ]

[ 2016-12-03T11:40:11+08:00 ] 127.0.0.1 /
INFO: [ app_begin ] --START--
INFO: ReadHtmlCache Behavior ::run [ RunTime:0.002000s ]
INFO: CheckLang Behavior ::run [ RunTime:0.007000s ]
INFO: [ app_begin ] --END-- [ RunTime:0.010000s ]
NOTIC: [8] A session had already been started - ignoring session_start() D:\wamp\www\goldcms\App\ThinkPHP\Common\functions.php 第 566 行.
SQL: SHOW COLUMNS FROM `9f_ip` [ RunTime:0.005000s ]
SQL: SELECT `content` FROM `9f_ip` LIMIT 1   [ RunTime:0.000000s ]

[ 2016-12-03T11:40:11+08:00 ] 127.0.0.1 /index.php?m=index&a=cn
INFO: [ app_begin ] --START--
INFO: ReadHtmlCache Behavior ::run [ RunTime:0.002001s ]
INFO: CheckLang Behavior ::run [ RunTime:0.003000s ]
INFO: [ app_begin ] --END-- [ RunTime:0.006001s ]
NOTIC: [8] A session had already been started - ignoring session_start() D:\wamp\www\goldcms\App\ThinkPHP\Common\functions.php 第 566 行.
SQL: SHOW COLUMNS FROM `9f_ip` [ RunTime:0.004000s ]
SQL: SELECT `content` FROM `9f_ip` LIMIT 1   [ RunTime:0.001000s ]
INFO: [ view_parse ] --START--
NOTIC: [2] Missing argument 1 for getSeo(), called in D:\wamp\www\goldcms\App\Runtime\Cache\Home\593920d9a2e44dfdae3ab21c9d5141a9.php on line 5 and defined D:\wamp\www\goldcms\App\Modules\Home\Common\function.php 第 95 行.
SQL: SHOW COLUMNS FROM `9f_category` [ RunTime:0.005001s ]
SQL: SHOW COLUMNS FROM `9f_content` [ RunTime:0.006000s ]
NOTIC: [8] Undefined variable: id D:\wamp\www\goldcms\App\Modules\Home\Common\function.php 第 121 行.
SQL: SELECT * FROM `9f_category` WHERE ( `id` = null ) LIMIT 1   [ RunTime:0.001000s ]
SQL: SELECT * FROM `9f_category` WHERE ( pid=13 and checkinfo=0 ) ORDER BY orderid asc,id asc LIMIT 4   [ RunTime:0.001000s ]
NOTIC: [8] Undefined variable: i D:\wamp\www\goldcms\App\Runtime\Cache\Home\593920d9a2e44dfdae3ab21c9d5141a9.php 第 107 行.
SQL: SELECT * FROM `9f_category` WHERE ( pid=38 and checkinfo=0 ) ORDER BY orderid asc,id asc LIMIT 4   [ RunTime:0.001000s ]
SQL: SELECT * FROM `9f_category` WHERE ( pid=39 and checkinfo=0 ) ORDER BY orderid asc,id asc LIMIT 4   [ RunTime:0.001000s ]
SQL: SELECT * FROM `9f_category` WHERE ( pid=40 and checkinfo=0 ) ORDER BY orderid asc,id asc LIMIT 4   [ RunTime:0.001000s ]
SQL: SELECT * FROM `9f_category` WHERE ( pid=41 and checkinfo=0 ) ORDER BY orderid asc,id asc LIMIT 4   [ RunTime:0.001000s ]
SQL: SELECT * FROM `9f_content` WHERE ( instr(path,'0,13,')>0 and instr(flag,'h')>0 and checkinfo=0 ) ORDER BY orderid desc,id desc LIMIT 12   [ RunTime:0.001000s ]
SQL: SELECT `title`,`id`,`posttime` FROM `9f_content` WHERE ( instr(path,'0,12,')>0 and checkinfo=0 ) ORDER BY orderid desc,id desc LIMIT 3   [ RunTime:0.001000s ]
INFO: ParseTemplate Behavior ::run [ RunTime:0.124007s ]
INFO: [ view_parse ] --END-- [ RunTime:0.124007s ]
INFO: [ view_filter ] --START--
INFO: ContentReplace Behavior ::run [ RunTime:0.002000s ]
INFO: TokenBuild Behavior ::run [ RunTime:0.002000s ]
INFO: WriteHtmlCache Behavior ::run [ RunTime:0.002000s ]
INFO: ShowRuntime Behavior ::run [ RunTime:0.003001s ]
INFO: [ view_filter ] --END-- [ RunTime:0.009001s ]
INFO: [ view_end ] --START--
INFO: ShowPageTrace Behavior ::run [ RunTime:0.002000s ]
INFO: [ view_end ] --END-- [ RunTime:0.003000s ]

[ 2016-12-03T13:40:35+08:00 ] 127.0.0.1 /index.php?m=index&a=cn
INFO: [ app_begin ] --START--
INFO: ReadHtmlCache Behavior ::run [ RunTime:0.002000s ]
INFO: CheckLang Behavior ::run [ RunTime:0.004000s ]
INFO: [ app_begin ] --END-- [ RunTime:0.007000s ]
NOTIC: [8] A session had already been started - ignoring session_start() D:\wamp\www\goldcms\App\ThinkPHP\Common\functions.php 第 566 行.
SQL: SHOW COLUMNS FROM `9f_ip` [ RunTime:0.035002s ]
SQL: SELECT `content` FROM `9f_ip` LIMIT 1   [ RunTime:0.001000s ]
INFO: [ view_parse ] --START--
NOTIC: [2] Missing argument 1 for getSeo(), called in D:\wamp\www\goldcms\App\Runtime\Cache\Home\593920d9a2e44dfdae3ab21c9d5141a9.php on line 5 and defined D:\wamp\www\goldcms\App\Modules\Home\Common\function.php 第 95 行.
SQL: SHOW COLUMNS FROM `9f_category` [ RunTime:0.020001s ]
SQL: SHOW COLUMNS FROM `9f_content` [ RunTime:0.009001s ]
NOTIC: [8] Undefined variable: id D:\wamp\www\goldcms\App\Modules\Home\Common\function.php 第 121 行.
SQL: SELECT * FROM `9f_category` WHERE ( `id` = null ) LIMIT 1   [ RunTime:0.001000s ]
SQL: SELECT * FROM `9f_category` WHERE ( pid=13 and checkinfo=0 ) ORDER BY orderid asc,id asc LIMIT 4   [ RunTime:0.001000s ]
NOTIC: [8] Undefined variable: i D:\wamp\www\goldcms\App\Runtime\Cache\Home\593920d9a2e44dfdae3ab21c9d5141a9.php 第 107 行.
SQL: SELECT * FROM `9f_category` WHERE ( pid=38 and checkinfo=0 ) ORDER BY orderid asc,id asc LIMIT 4   [ RunTime:0.001000s ]
SQL: SELECT * FROM `9f_category` WHERE ( pid=39 and checkinfo=0 ) ORDER BY orderid asc,id asc LIMIT 4   [ RunTime:0.001000s ]
SQL: SELECT * FROM `9f_category` WHERE ( pid=40 and checkinfo=0 ) ORDER BY orderid asc,id asc LIMIT 4   [ RunTime:0.000000s ]
SQL: SELECT * FROM `9f_category` WHERE ( pid=41 and checkinfo=0 ) ORDER BY orderid asc,id asc LIMIT 4   [ RunTime:0.001000s ]
SQL: SELECT * FROM `9f_content` WHERE ( instr(path,'0,13,')>0 and instr(flag,'h')>0 and checkinfo=0 ) ORDER BY orderid desc,id desc LIMIT 12   [ RunTime:0.047003s ]
SQL: SELECT `title`,`id`,`posttime` FROM `9f_content` WHERE ( instr(path,'0,12,')>0 and checkinfo=0 ) ORDER BY orderid desc,id desc LIMIT 3   [ RunTime:0.001000s ]
INFO: ParseTemplate Behavior ::run [ RunTime:0.257014s ]
INFO: [ view_parse ] --END-- [ RunTime:0.257014s ]
INFO: [ view_filter ] --START--
INFO: ContentReplace Behavior ::run [ RunTime:0.001001s ]
INFO: TokenBuild Behavior ::run [ RunTime:0.002000s ]
INFO: WriteHtmlCache Behavior ::run [ RunTime:0.002000s ]
INFO: ShowRuntime Behavior ::run [ RunTime:0.002000s ]
INFO: [ view_filter ] --END-- [ RunTime:0.008001s ]
INFO: [ view_end ] --START--
INFO: ShowPageTrace Behavior ::run [ RunTime:0.001000s ]
INFO: [ view_end ] --END-- [ RunTime:0.002000s ]

[ 2016-12-03T13:52:36+08:00 ] 127.0.0.1 /index.php?m=index&a=cn
INFO: [ app_begin ] --START--
INFO: ReadHtmlCache Behavior ::run [ RunTime:0.004000s ]
INFO: CheckLang Behavior ::run [ RunTime:0.007000s ]
INFO: [ app_begin ] --END-- [ RunTime:0.012000s ]
NOTIC: [8] A session had already been started - ignoring session_start() D:\wamp\www\goldcms\App\ThinkPHP\Common\functions.php 第 566 行.
SQL: SHOW COLUMNS FROM `9f_ip` [ RunTime:0.006000s ]
SQL: SELECT `content` FROM `9f_ip` LIMIT 1   [ RunTime:0.001000s ]
INFO: [ view_parse ] --START--
NOTIC: [2] Missing argument 1 for getSeo(), called in D:\wamp\www\goldcms\App\Runtime\Cache\Home\593920d9a2e44dfdae3ab21c9d5141a9.php on line 5 and defined D:\wamp\www\goldcms\App\Modules\Home\Common\function.php 第 95 行.
SQL: SHOW COLUMNS FROM `9f_category` [ RunTime:0.008001s ]
SQL: SHOW COLUMNS FROM `9f_content` [ RunTime:0.013000s ]
NOTIC: [8] Undefined variable: id D:\wamp\www\goldcms\App\Modules\Home\Common\function.php 第 121 行.
SQL: SELECT * FROM `9f_category` WHERE ( `id` = null ) LIMIT 1   [ RunTime:0.001000s ]
SQL: SELECT * FROM `9f_category` WHERE ( pid=13 and checkinfo=0 ) ORDER BY orderid asc,id asc LIMIT 4   [ RunTime:0.001000s ]
NOTIC: [8] Undefined variable: i D:\wamp\www\goldcms\App\Runtime\Cache\Home\593920d9a2e44dfdae3ab21c9d5141a9.php 第 107 行.
SQL: SELECT * FROM `9f_category` WHERE ( pid=38 and checkinfo=0 ) ORDER BY orderid asc,id asc LIMIT 4   [ RunTime:0.002000s ]
SQL: SELECT * FROM `9f_category` WHERE ( pid=39 and checkinfo=0 ) ORDER BY orderid asc,id asc LIMIT 4   [ RunTime:0.001000s ]
SQL: SELECT * FROM `9f_category` WHERE ( pid=40 and checkinfo=0 ) ORDER BY orderid asc,id asc LIMIT 4   [ RunTime:0.001000s ]
SQL: SELECT * FROM `9f_category` WHERE ( pid=41 and checkinfo=0 ) ORDER BY orderid asc,id asc LIMIT 4   [ RunTime:0.001000s ]
SQL: SELECT * FROM `9f_content` WHERE ( instr(path,'0,13,')>0 and instr(flag,'h')>0 and checkinfo=0 ) ORDER BY orderid desc,id desc LIMIT 12   [ RunTime:0.011001s ]
SQL: SELECT `title`,`id`,`posttime` FROM `9f_content` WHERE ( instr(path,'0,12,')>0 and checkinfo=0 ) ORDER BY orderid desc,id desc LIMIT 3   [ RunTime:0.012000s ]
INFO: ParseTemplate Behavior ::run [ RunTime:0.201012s ]
INFO: [ view_parse ] --END-- [ RunTime:0.202012s ]
INFO: [ view_filter ] --START--
INFO: ContentReplace Behavior ::run [ RunTime:0.002000s ]
INFO: TokenBuild Behavior ::run [ RunTime:0.002000s ]
INFO: WriteHtmlCache Behavior ::run [ RunTime:0.002000s ]
INFO: ShowRuntime Behavior ::run [ RunTime:0.003000s ]
INFO: [ view_filter ] --END-- [ RunTime:0.009000s ]
INFO: [ view_end ] --START--
INFO: ShowPageTrace Behavior ::run [ RunTime:0.002001s ]
INFO: [ view_end ] --END-- [ RunTime:0.003001s ]

[ 2016-12-03T16:16:19+08:00 ] 127.0.0.1 /index.php/admin
INFO: [ route_check ] --START--
INFO: CheckRoute Behavior ::run [ RunTime:0.037002s ]
INFO: [ route_check ] --END-- [ RunTime:0.039002s ]
INFO: [ app_begin ] --START--
INFO: ReadHtmlCache Behavior ::run [ RunTime:0.003001s ]
INFO: CheckLang Behavior ::run [ RunTime:0.042002s ]
INFO: [ app_begin ] --END-- [ RunTime:0.047003s ]
SQL: SHOW COLUMNS FROM `9f_admin` [ RunTime:0.116006s ]
SQL: SELECT * FROM `9f_admin` WHERE ( `userid` = 1 ) AND ( `username` = 'admin' ) LIMIT 1   [ RunTime:0.014001s ]
NOTIC: [8] Undefined variable: menu_arr D:\wamp\www\goldcms\App\Modules\Admin\Action\IndexAction.class.php 第 9 行.
INFO: [ view_parse ] --START--
INFO: ParseTemplate Behavior ::run [ RunTime:0.051003s ]
INFO: [ view_parse ] --END-- [ RunTime:0.051003s ]
INFO: [ view_filter ] --START--
INFO: ContentReplace Behavior ::run [ RunTime:0.002000s ]
INFO: TokenBuild Behavior ::run [ RunTime:0.002000s ]
INFO: WriteHtmlCache Behavior ::run [ RunTime:0.001000s ]
INFO: ShowRuntime Behavior ::run [ RunTime:0.002000s ]
INFO: [ view_filter ] --END-- [ RunTime:0.007000s ]
INFO: [ view_end ] --START--
INFO: ShowPageTrace Behavior ::run [ RunTime:0.002000s ]
INFO: [ view_end ] --END-- [ RunTime:0.002000s ]

[ 2016-12-03T16:16:20+08:00 ] 127.0.0.1 /index.php?g=admin&m=index&a=sort_iframe
INFO: [ app_begin ] --START--
INFO: ReadHtmlCache Behavior ::run [ RunTime:0.002001s ]
INFO: CheckLang Behavior ::run [ RunTime:0.008000s ]
INFO: [ app_begin ] --END-- [ RunTime:0.011001s ]
SQL: SHOW COLUMNS FROM `9f_admin` [ RunTime:0.005000s ]
SQL: SELECT * FROM `9f_admin` WHERE ( `userid` = 1 ) AND ( `username` = 'admin' ) LIMIT 1   [ RunTime:0.000000s ]

[ 2016-12-03T16:16:20+08:00 ] 127.0.0.1 /index.php?g=admin&m=index&a=main
INFO: [ app_begin ] --START--
INFO: ReadHtmlCache Behavior ::run [ RunTime:0.002001s ]
INFO: CheckLang Behavior ::run [ RunTime:0.011000s ]
INFO: [ app_begin ] --END-- [ RunTime:0.014001s ]
SQL: SHOW COLUMNS FROM `9f_admin` [ RunTime:0.006001s ]
SQL: SELECT * FROM `9f_admin` WHERE ( `userid` = 1 ) AND ( `username` = 'admin' ) LIMIT 1   [ RunTime:0.001000s ]
SQL: SHOW COLUMNS FROM `9f_content` [ RunTime:0.006000s ]
SQL: SHOW COLUMNS FROM `9f_category` [ RunTime:0.006001s ]
SQL: SELECT * FROM `9f_content` WHERE ( `id` <> '' ) ORDER BY orderid desc,id desc  [ RunTime:0.108006s ]
SQL: SELECT * FROM `9f_category` WHERE ( `id` <> '' ) ORDER BY id desc  [ RunTime:0.001000s ]
INFO: [ view_parse ] --START--
SQL: SHOW COLUMNS FROM `9f_admin_text` [ RunTime:0.065003s ]
SQL: SELECT `content` FROM `9f_admin_text` WHERE ( `id` = 1 ) LIMIT 1   [ RunTime:0.000000s ]
NOTIC: [8] Use of undefined constant imageline - assumed 'imageline' D:\wamp\www\goldcms\App\Runtime\Cache\Admin\08377bbc6fc93167e493f6c985ae1114.php 第 65 行.
INFO: ParseTemplate Behavior ::run [ RunTime:0.202012s ]
INFO: [ view_parse ] --END-- [ RunTime:0.202012s ]
INFO: [ view_filter ] --START--
INFO: ContentReplace Behavior ::run [ RunTime:0.001000s ]
INFO: TokenBuild Behavior ::run [ RunTime:0.002000s ]
INFO: WriteHtmlCache Behavior ::run [ RunTime:0.001000s ]
INFO: ShowRuntime Behavior ::run [ RunTime:0.002000s ]
INFO: [ view_filter ] --END-- [ RunTime:0.006000s ]
INFO: [ view_end ] --START--
INFO: ShowPageTrace Behavior ::run [ RunTime:0.002000s ]
INFO: [ view_end ] --END-- [ RunTime:0.002000s ]

